<?xml version="1.0" encoding="UTF-8"?>
<coverage generated="1668536244887" clover="3.2.0">
  <project timestamp="1668536244889" name="All files">
    <metrics statements="115" coveredstatements="110" conditionals="22" coveredconditionals="18" methods="49" coveredmethods="48" elements="186" coveredelements="176" complexity="0" loc="115" ncloc="115" packages="5" files="12" classes="12"/>
    <package name="src">
      <metrics statements="1" coveredstatements="1" conditionals="0" coveredconditionals="0" methods="1" coveredmethods="1"/>
      <file name="App.js" path="/home/fischer/Desktop/projetos/project_starwars/sd-024-b-project-starwars-planets-search/src/App.js">
        <metrics statements="1" coveredstatements="1" conditionals="0" coveredconditionals="0" methods="1" coveredmethods="1"/>
        <line num="8" count="5" type="stmt"/>
      </file>
    </package>
    <package name="src.components">
      <metrics statements="51" coveredstatements="50" conditionals="8" coveredconditionals="8" methods="26" coveredmethods="25"/>
      <file name="Filter.js" path="/home/fischer/Desktop/projetos/project_starwars/sd-024-b-project-starwars-planets-search/src/components/Filter.js">
        <metrics statements="16" coveredstatements="15" conditionals="0" coveredconditionals="0" methods="7" coveredmethods="6"/>
        <line num="6" count="50" type="stmt"/>
        <line num="7" count="50" type="stmt"/>
        <line num="8" count="50" type="stmt"/>
        <line num="10" count="50" type="stmt"/>
        <line num="12" count="50" type="stmt"/>
        <line num="13" count="224" type="stmt"/>
        <line num="15" count="50" type="stmt"/>
        <line num="16" count="150" type="stmt"/>
        <line num="19" count="50" type="stmt"/>
        <line num="20" count="11" type="stmt"/>
        <line num="21" count="11" type="stmt"/>
        <line num="22" count="11" type="stmt"/>
        <line num="25" count="50" type="stmt"/>
        <line num="26" count="7" type="stmt"/>
        <line num="29" count="50" type="stmt"/>
        <line num="63" count="0" type="stmt"/>
      </file>
      <file name="Options.js" path="/home/fischer/Desktop/projetos/project_starwars/sd-024-b-project-starwars-planets-search/src/components/Options.js">
        <metrics statements="7" coveredstatements="7" conditionals="2" coveredconditionals="2" methods="6" coveredmethods="6"/>
        <line num="5" count="50" type="stmt"/>
        <line num="7" count="50" type="stmt"/>
        <line num="8" count="3" type="stmt"/>
        <line num="11" count="50" type="cond" truecount="2" falsecount="0"/>
        <line num="13" count="31" type="stmt"/>
        <line num="15" count="2" type="stmt"/>
        <line num="19" count="50" type="stmt"/>
      </file>
      <file name="SearchBar.js" path="/home/fischer/Desktop/projetos/project_starwars/sd-024-b-project-starwars-planets-search/src/components/SearchBar.js">
        <metrics statements="7" coveredstatements="7" conditionals="2" coveredconditionals="2" methods="4" coveredmethods="4"/>
        <line num="5" count="50" type="stmt"/>
        <line num="7" count="50" type="stmt"/>
        <line num="8" count="2" type="cond" truecount="2" falsecount="0"/>
        <line num="9" count="8" type="stmt"/>
        <line num="10" count="10" type="stmt"/>
        <line num="11" count="2" type="stmt"/>
        <line num="13" count="50" type="stmt"/>
      </file>
      <file name="Sort.js" path="/home/fischer/Desktop/projetos/project_starwars/sd-024-b-project-starwars-planets-search/src/components/Sort.js">
        <metrics statements="12" coveredstatements="12" conditionals="0" coveredconditionals="0" methods="5" coveredmethods="5"/>
        <line num="5" count="52" type="stmt"/>
        <line num="6" count="52" type="stmt"/>
        <line num="8" count="52" type="stmt"/>
        <line num="11" count="52" type="stmt"/>
        <line num="12" count="260" type="stmt"/>
        <line num="15" count="52" type="stmt"/>
        <line num="16" count="2" type="stmt"/>
        <line num="17" count="2" type="stmt"/>
        <line num="18" count="2" type="stmt"/>
        <line num="22" count="52" type="stmt"/>
        <line num="23" count="2" type="stmt"/>
        <line num="26" count="52" type="stmt"/>
      </file>
      <file name="Table.js" path="/home/fischer/Desktop/projetos/project_starwars/sd-024-b-project-starwars-planets-search/src/components/Table.js">
        <metrics statements="9" coveredstatements="9" conditionals="4" coveredconditionals="4" methods="4" coveredmethods="4"/>
        <line num="5" count="50" type="stmt"/>
        <line num="8" count="50" type="stmt"/>
        <line num="9" count="429" type="cond" truecount="2" falsecount="0"/>
        <line num="13" count="50" type="stmt"/>
        <line num="14" count="275" type="stmt"/>
        <line num="17" count="3575" type="cond" truecount="2" falsecount="0"/>
        <line num="18" count="275" type="stmt"/>
        <line num="20" count="3300" type="stmt"/>
        <line num="26" count="50" type="stmt"/>
      </file>
    </package>
    <package name="src.context">
      <metrics statements="58" coveredstatements="54" conditionals="14" coveredconditionals="10" methods="18" coveredmethods="18"/>
      <file name="ContextProvider.js" path="/home/fischer/Desktop/projetos/project_starwars/sd-024-b-project-starwars-planets-search/src/context/ContextProvider.js">
        <metrics statements="45" coveredstatements="45" conditionals="4" coveredconditionals="4" methods="17" coveredmethods="17"/>
        <line num="8" count="50" type="stmt"/>
        <line num="9" count="50" type="stmt"/>
        <line num="12" count="50" type="stmt"/>
        <line num="13" count="50" type="stmt"/>
        <line num="14" count="50" type="stmt"/>
        <line num="15" count="50" type="stmt"/>
        <line num="16" count="50" type="stmt"/>
        <line num="17" count="50" type="stmt"/>
        <line num="18" count="50" type="stmt"/>
        <line num="20" count="50" type="stmt"/>
        <line num="21" count="50" type="stmt"/>
        <line num="40" count="50" type="stmt"/>
        <line num="41" count="5" type="stmt"/>
        <line num="42" count="5" type="stmt"/>
        <line num="43" count="5" type="stmt"/>
        <line num="44" count="50" type="stmt"/>
        <line num="46" count="5" type="stmt"/>
        <line num="47" count="5" type="stmt"/>
        <line num="49" count="5" type="stmt"/>
        <line num="52" count="50" type="stmt"/>
        <line num="53" count="14" type="stmt"/>
        <line num="54" count="55" type="stmt"/>
        <line num="56" count="14" type="stmt"/>
        <line num="59" count="14" type="stmt"/>
        <line num="60" count="88" type="stmt"/>
        <line num="62" count="14" type="cond" truecount="2" falsecount="0"/>
        <line num="64" count="14" type="stmt"/>
        <line num="66" count="14" type="stmt"/>
        <line num="67" count="14" type="stmt"/>
        <line num="68" count="14" type="stmt"/>
        <line num="69" count="14" type="stmt"/>
        <line num="70" count="14" type="stmt"/>
        <line num="73" count="14" type="stmt"/>
        <line num="74" count="14" type="stmt"/>
        <line num="77" count="50" type="stmt"/>
        <line num="78" count="7" type="stmt"/>
        <line num="79" count="20" type="stmt"/>
        <line num="81" count="7" type="cond" truecount="2" falsecount="0"/>
        <line num="82" count="15" type="stmt"/>
        <line num="83" count="7" type="stmt"/>
        <line num="85" count="20" type="stmt"/>
        <line num="87" count="7" type="stmt"/>
        <line num="88" count="7" type="stmt"/>
        <line num="91" count="50" type="stmt"/>
        <line num="98" count="1" type="stmt"/>
      </file>
      <file name="StarWarsContext.js" path="/home/fischer/Desktop/projetos/project_starwars/sd-024-b-project-starwars-planets-search/src/context/StarWarsContext.js">
        <metrics statements="1" coveredstatements="1" conditionals="0" coveredconditionals="0" methods="0" coveredmethods="0"/>
        <line num="3" count="1" type="stmt"/>
      </file>
      <file name="handleFilter.js" path="/home/fischer/Desktop/projetos/project_starwars/sd-024-b-project-starwars-planets-search/src/context/handleFilter.js">
        <metrics statements="12" coveredstatements="8" conditionals="10" coveredconditionals="6" methods="1" coveredmethods="1"/>
        <line num="2" count="88" type="stmt"/>
        <line num="3" count="88" type="cond" truecount="3" falsecount="1"/>
        <line num="5" count="30" type="cond" truecount="1" falsecount="1"/>
        <line num="6" count="0" type="stmt"/>
        <line num="8" count="30" type="stmt"/>
        <line num="10" count="48" type="cond" truecount="1" falsecount="1"/>
        <line num="11" count="0" type="stmt"/>
        <line num="13" count="48" type="stmt"/>
        <line num="15" count="10" type="cond" truecount="1" falsecount="1"/>
        <line num="16" count="0" type="stmt"/>
        <line num="18" count="10" type="stmt"/>
        <line num="20" count="0" type="stmt"/>
      </file>
    </package>
    <package name="src.services">
      <metrics statements="3" coveredstatements="3" conditionals="0" coveredconditionals="0" methods="3" coveredmethods="3"/>
      <file name="api.js" path="/home/fischer/Desktop/projetos/project_starwars/sd-024-b-project-starwars-planets-search/src/services/api.js">
        <metrics statements="3" coveredstatements="3" conditionals="0" coveredconditionals="0" methods="3" coveredmethods="3"/>
        <line num="3" count="5" type="stmt"/>
        <line num="4" count="5" type="stmt"/>
        <line num="5" count="5" type="stmt"/>
      </file>
    </package>
    <package name="src.tests.helpers">
      <metrics statements="2" coveredstatements="2" conditionals="0" coveredconditionals="0" methods="1" coveredmethods="1"/>
      <file name="MockData.js" path="/home/fischer/Desktop/projetos/project_starwars/sd-024-b-project-starwars-planets-search/src/tests/helpers/MockData.js">
        <metrics statements="1" coveredstatements="1" conditionals="0" coveredconditionals="0" methods="0" coveredmethods="0"/>
        <line num="1" count="1" type="stmt"/>
      </file>
      <file name="renderWithProvider.js" path="/home/fischer/Desktop/projetos/project_starwars/sd-024-b-project-starwars-planets-search/src/tests/helpers/renderWithProvider.js">
        <metrics statements="1" coveredstatements="1" conditionals="0" coveredconditionals="0" methods="1" coveredmethods="1"/>
        <line num="6" count="5" type="stmt"/>
      </file>
    </package>
  </project>
</coverage>
