{"/home/fischer/Desktop/projetos/project_starwars/sd-024-b-project-starwars-planets-search/src/App.js": {"path":"/home/fischer/Desktop/projetos/project_starwars/sd-024-b-project-starwars-planets-search/src/App.js","statementMap":{"0":{"start":{"line":8,"column":2},"end":{"line":16,"column":4}}},"fnMap":{"0":{"name":"Main","decl":{"start":{"line":7,"column":24},"end":{"line":7,"column":28}},"loc":{"start":{"line":7,"column":31},"end":{"line":17,"column":1}},"line":7}},"branchMap":{},"s":{"0":5},"f":{"0":5},"b":{},"_coverageSchema":"1a1c01bbd47fc00a2c39e90264f33305004495a9","hash":"790ec6ccc1d35b87b3253446060ab5c4863d85fd"}
,"/home/fischer/Desktop/projetos/project_starwars/sd-024-b-project-starwars-planets-search/src/components/Filter.js": {"path":"/home/fischer/Desktop/projetos/project_starwars/sd-024-b-project-starwars-planets-search/src/components/Filter.js","statementMap":{"0":{"start":{"line":6,"column":34},"end":{"line":6,"column":61}},"1":{"start":{"line":7,"column":40},"end":{"line":7,"column":53}},"2":{"start":{"line":8,"column":21},"end":{"line":8,"column":22}},"3":{"start":{"line":10,"column":28},"end":{"line":10,"column":65}},"4":{"start":{"line":12,"column":25},"end":{"line":14,"column":4}},"5":{"start":{"line":13,"column":4},"end":{"line":13,"column":52}},"6":{"start":{"line":15,"column":25},"end":{"line":17,"column":4}},"7":{"start":{"line":16,"column":4},"end":{"line":16,"column":52}},"8":{"start":{"line":19,"column":25},"end":{"line":23,"column":3}},"9":{"start":{"line":20,"column":20},"end":{"line":20,"column":33}},"10":{"start":{"line":21,"column":4},"end":{"line":21,"column":24}},"11":{"start":{"line":22,"column":4},"end":{"line":22,"column":31}},"12":{"start":{"line":25,"column":24},"end":{"line":27,"column":3}},"13":{"start":{"line":26,"column":4},"end":{"line":26,"column":61}},"14":{"start":{"line":26,"column":28},"end":{"line":26,"column":59}},"15":{"start":{"line":29,"column":2},"end":{"line":70,"column":4}},"16":{"start":{"line":63,"column":24},"end":{"line":63,"column":41}}},"fnMap":{"0":{"name":"Filter","decl":{"start":{"line":4,"column":24},"end":{"line":4,"column":30}},"loc":{"start":{"line":4,"column":33},"end":{"line":71,"column":1}},"line":4},"1":{"name":"(anonymous_1)","decl":{"start":{"line":12,"column":43},"end":{"line":12,"column":44}},"loc":{"start":{"line":13,"column":4},"end":{"line":13,"column":52}},"line":13},"2":{"name":"(anonymous_2)","decl":{"start":{"line":15,"column":47},"end":{"line":15,"column":48}},"loc":{"start":{"line":16,"column":4},"end":{"line":16,"column":52}},"line":16},"3":{"name":"(anonymous_3)","decl":{"start":{"line":19,"column":25},"end":{"line":19,"column":26}},"loc":{"start":{"line":19,"column":56},"end":{"line":23,"column":3}},"line":19},"4":{"name":"(anonymous_4)","decl":{"start":{"line":25,"column":24},"end":{"line":25,"column":25}},"loc":{"start":{"line":25,"column":30},"end":{"line":27,"column":3}},"line":25},"5":{"name":"(anonymous_5)","decl":{"start":{"line":26,"column":18},"end":{"line":26,"column":19}},"loc":{"start":{"line":26,"column":28},"end":{"line":26,"column":59}},"line":26},"6":{"name":"(anonymous_6)","decl":{"start":{"line":63,"column":18},"end":{"line":63,"column":19}},"loc":{"start":{"line":63,"column":24},"end":{"line":63,"column":41}},"line":63}},"branchMap":{},"s":{"0":50,"1":50,"2":50,"3":50,"4":50,"5":224,"6":50,"7":150,"8":50,"9":11,"10":11,"11":11,"12":50,"13":7,"14":7,"15":50,"16":0},"f":{"0":50,"1":224,"2":150,"3":11,"4":7,"5":7,"6":0},"b":{},"_coverageSchema":"1a1c01bbd47fc00a2c39e90264f33305004495a9","hash":"f970bbf9ee67e509a0a1ad9fda8be3bf139bfc1e"}
,"/home/fischer/Desktop/projetos/project_starwars/sd-024-b-project-starwars-planets-search/src/components/Options.js": {"path":"/home/fischer/Desktop/projetos/project_starwars/sd-024-b-project-starwars-planets-search/src/components/Options.js","statementMap":{"0":{"start":{"line":5,"column":40},"end":{"line":5,"column":67}},"1":{"start":{"line":7,"column":24},"end":{"line":9,"column":3}},"2":{"start":{"line":8,"column":4},"end":{"line":8,"column":67}},"3":{"start":{"line":8,"column":28},"end":{"line":8,"column":65}},"4":{"start":{"line":8,"column":53},"end":{"line":8,"column":64}},"5":{"start":{"line":11,"column":24},"end":{"line":17,"column":4}},"6":{"start":{"line":13,"column":4},"end":{"line":16,"column":8}},"7":{"start":{"line":15,"column":30},"end":{"line":15,"column":50}},"8":{"start":{"line":19,"column":2},"end":{"line":19,"column":46}}},"fnMap":{"0":{"name":"Options","decl":{"start":{"line":4,"column":24},"end":{"line":4,"column":31}},"loc":{"start":{"line":4,"column":34},"end":{"line":20,"column":1}},"line":4},"1":{"name":"(anonymous_1)","decl":{"start":{"line":7,"column":24},"end":{"line":7,"column":25}},"loc":{"start":{"line":7,"column":35},"end":{"line":9,"column":3}},"line":7},"2":{"name":"(anonymous_2)","decl":{"start":{"line":8,"column":18},"end":{"line":8,"column":19}},"loc":{"start":{"line":8,"column":28},"end":{"line":8,"column":65}},"line":8},"3":{"name":"(anonymous_3)","decl":{"start":{"line":8,"column":40},"end":{"line":8,"column":41}},"loc":{"start":{"line":8,"column":53},"end":{"line":8,"column":64}},"line":8},"4":{"name":"(anonymous_4)","decl":{"start":{"line":12,"column":20},"end":{"line":12,"column":21}},"loc":{"start":{"line":13,"column":4},"end":{"line":16,"column":8}},"line":13},"5":{"name":"(anonymous_5)","decl":{"start":{"line":15,"column":24},"end":{"line":15,"column":25}},"loc":{"start":{"line":15,"column":30},"end":{"line":15,"column":50}},"line":15}},"branchMap":{"0":{"loc":{"start":{"line":11,"column":24},"end":{"line":17,"column":4}},"type":"binary-expr","locations":[{"start":{"line":11,"column":24},"end":{"line":11,"column":45}},{"start":{"line":12,"column":5},"end":{"line":17,"column":4}}],"line":11}},"s":{"0":50,"1":50,"2":2,"3":2,"4":3,"5":50,"6":31,"7":2,"8":50},"f":{"0":50,"1":2,"2":2,"3":3,"4":31,"5":2},"b":{"0":[50,22]},"_coverageSchema":"1a1c01bbd47fc00a2c39e90264f33305004495a9","hash":"8dfc5500531886208ef4cbfbb9025f4ccebcb848"}
,"/home/fischer/Desktop/projetos/project_starwars/sd-024-b-project-starwars-planets-search/src/components/SearchBar.js": {"path":"/home/fischer/Desktop/projetos/project_starwars/sd-024-b-project-starwars-planets-search/src/components/SearchBar.js","statementMap":{"0":{"start":{"line":5,"column":54},"end":{"line":5,"column":81}},"1":{"start":{"line":7,"column":25},"end":{"line":12,"column":3}},"2":{"start":{"line":8,"column":21},"end":{"line":10,"column":75}},"3":{"start":{"line":9,"column":45},"end":{"line":9,"column":79}},"4":{"start":{"line":10,"column":40},"end":{"line":10,"column":74}},"5":{"start":{"line":11,"column":4},"end":{"line":11,"column":25}},"6":{"start":{"line":13,"column":2},"end":{"line":15,"column":4}}},"fnMap":{"0":{"name":"SearchBar","decl":{"start":{"line":4,"column":24},"end":{"line":4,"column":33}},"loc":{"start":{"line":4,"column":36},"end":{"line":16,"column":1}},"line":4},"1":{"name":"(anonymous_1)","decl":{"start":{"line":7,"column":25},"end":{"line":7,"column":26}},"loc":{"start":{"line":7,"column":52},"end":{"line":12,"column":3}},"line":7},"2":{"name":"(anonymous_2)","decl":{"start":{"line":9,"column":31},"end":{"line":9,"column":32}},"loc":{"start":{"line":9,"column":45},"end":{"line":9,"column":79}},"line":9},"3":{"name":"(anonymous_3)","decl":{"start":{"line":10,"column":26},"end":{"line":10,"column":27}},"loc":{"start":{"line":10,"column":40},"end":{"line":10,"column":74}},"line":10}},"branchMap":{"0":{"loc":{"start":{"line":8,"column":21},"end":{"line":10,"column":75}},"type":"cond-expr","locations":[{"start":{"line":9,"column":8},"end":{"line":9,"column":80}},{"start":{"line":10,"column":8},"end":{"line":10,"column":75}}],"line":8}},"s":{"0":50,"1":50,"2":2,"3":8,"4":10,"5":2,"6":50},"f":{"0":50,"1":2,"2":8,"3":10},"b":{"0":[1,1]},"_coverageSchema":"1a1c01bbd47fc00a2c39e90264f33305004495a9","hash":"7b22738139196dd873c00f8e422804bbf9a000b1"}
,"/home/fischer/Desktop/projetos/project_starwars/sd-024-b-project-starwars-planets-search/src/components/Sort.js": {"path":"/home/fischer/Desktop/projetos/project_starwars/sd-024-b-project-starwars-planets-search/src/components/Sort.js","statementMap":{"0":{"start":{"line":5,"column":22},"end":{"line":5,"column":49}},"1":{"start":{"line":6,"column":40},"end":{"line":6,"column":74}},"2":{"start":{"line":8,"column":24},"end":{"line":9,"column":39}},"3":{"start":{"line":11,"column":21},"end":{"line":13,"column":4}},"4":{"start":{"line":12,"column":4},"end":{"line":12,"column":58}},"5":{"start":{"line":15,"column":25},"end":{"line":20,"column":3}},"6":{"start":{"line":16,"column":4},"end":{"line":19,"column":7}},"7":{"start":{"line":17,"column":6},"end":{"line":17,"column":25}},"8":{"start":{"line":18,"column":6},"end":{"line":18,"column":25}},"9":{"start":{"line":22,"column":24},"end":{"line":24,"column":3}},"10":{"start":{"line":23,"column":4},"end":{"line":23,"column":32}},"11":{"start":{"line":26,"column":2},"end":{"line":62,"column":4}}},"fnMap":{"0":{"name":"Sort","decl":{"start":{"line":4,"column":24},"end":{"line":4,"column":28}},"loc":{"start":{"line":4,"column":31},"end":{"line":63,"column":1}},"line":4},"1":{"name":"(anonymous_1)","decl":{"start":{"line":11,"column":39},"end":{"line":11,"column":40}},"loc":{"start":{"line":12,"column":4},"end":{"line":12,"column":58}},"line":12},"2":{"name":"(anonymous_2)","decl":{"start":{"line":15,"column":25},"end":{"line":15,"column":26}},"loc":{"start":{"line":15,"column":58},"end":{"line":20,"column":3}},"line":15},"3":{"name":"(anonymous_3)","decl":{"start":{"line":16,"column":19},"end":{"line":16,"column":20}},"loc":{"start":{"line":16,"column":29},"end":{"line":19,"column":5}},"line":16},"4":{"name":"(anonymous_4)","decl":{"start":{"line":22,"column":24},"end":{"line":22,"column":25}},"loc":{"start":{"line":22,"column":30},"end":{"line":24,"column":3}},"line":22}},"branchMap":{},"s":{"0":52,"1":52,"2":52,"3":52,"4":260,"5":52,"6":2,"7":2,"8":2,"9":52,"10":2,"11":52},"f":{"0":52,"1":260,"2":2,"3":2,"4":2},"b":{},"_coverageSchema":"1a1c01bbd47fc00a2c39e90264f33305004495a9","hash":"f39c60e631f5b27f75ca57c82c29b7697df2c756"}
,"/home/fischer/Desktop/projetos/project_starwars/sd-024-b-project-starwars-planets-search/src/components/Table.js": {"path":"/home/fischer/Desktop/projetos/project_starwars/sd-024-b-project-starwars-planets-search/src/components/Table.js","statementMap":{"0":{"start":{"line":5,"column":22},"end":{"line":5,"column":49}},"1":{"start":{"line":8,"column":4},"end":{"line":10,"column":9}},"2":{"start":{"line":9,"column":52},"end":{"line":9,"column":80}},"3":{"start":{"line":13,"column":15},"end":{"line":24,"column":4}},"4":{"start":{"line":14,"column":4},"end":{"line":23,"column":9}},"5":{"start":{"line":17,"column":10},"end":{"line":19,"column":11}},"6":{"start":{"line":18,"column":12},"end":{"line":18,"column":78}},"7":{"start":{"line":20,"column":10},"end":{"line":20,"column":50}},"8":{"start":{"line":26,"column":2},"end":{"line":35,"column":4}}},"fnMap":{"0":{"name":"Table","decl":{"start":{"line":4,"column":24},"end":{"line":4,"column":29}},"loc":{"start":{"line":4,"column":32},"end":{"line":36,"column":1}},"line":4},"1":{"name":"(anonymous_1)","decl":{"start":{"line":9,"column":42},"end":{"line":9,"column":43}},"loc":{"start":{"line":9,"column":52},"end":{"line":9,"column":80}},"line":9},"2":{"name":"(anonymous_2)","decl":{"start":{"line":13,"column":28},"end":{"line":13,"column":29}},"loc":{"start":{"line":14,"column":4},"end":{"line":23,"column":9}},"line":14},"3":{"name":"(anonymous_3)","decl":{"start":{"line":16,"column":31},"end":{"line":16,"column":32}},"loc":{"start":{"line":16,"column":46},"end":{"line":21,"column":9}},"line":16}},"branchMap":{"0":{"loc":{"start":{"line":9,"column":19},"end":{"line":9,"column":35}},"type":"binary-expr","locations":[{"start":{"line":9,"column":19},"end":{"line":9,"column":29}},{"start":{"line":9,"column":33},"end":{"line":9,"column":35}}],"line":9},"1":{"loc":{"start":{"line":17,"column":10},"end":{"line":19,"column":11}},"type":"if","locations":[{"start":{"line":17,"column":10},"end":{"line":19,"column":11}},{"start":{},"end":{}}],"line":17}},"s":{"0":50,"1":50,"2":429,"3":50,"4":275,"5":3575,"6":275,"7":3300,"8":50},"f":{"0":50,"1":429,"2":275,"3":3575},"b":{"0":[50,17],"1":[275,3300]},"_coverageSchema":"1a1c01bbd47fc00a2c39e90264f33305004495a9","hash":"8d1bc42e5335c8680670b3f30c35f217f3f3b9a9"}
,"/home/fischer/Desktop/projetos/project_starwars/sd-024-b-project-starwars-planets-search/src/context/ContextProvider.js": {"path":"/home/fischer/Desktop/projetos/project_starwars/sd-024-b-project-starwars-planets-search/src/context/ContextProvider.js","statementMap":{"0":{"start":{"line":8,"column":22},"end":{"line":8,"column":83}},"1":{"start":{"line":9,"column":26},"end":{"line":10,"column":39}},"2":{"start":{"line":12,"column":32},"end":{"line":12,"column":44}},"3":{"start":{"line":13,"column":38},"end":{"line":13,"column":50}},"4":{"start":{"line":14,"column":38},"end":{"line":14,"column":59}},"5":{"start":{"line":15,"column":48},"end":{"line":15,"column":60}},"6":{"start":{"line":16,"column":38},"end":{"line":16,"column":50}},"7":{"start":{"line":17,"column":41},"end":{"line":17,"column":66}},"8":{"start":{"line":18,"column":33},"end":{"line":18,"column":45}},"9":{"start":{"line":20,"column":23},"end":{"line":38,"column":44}},"10":{"start":{"line":21,"column":4},"end":{"line":36,"column":5}},"11":{"start":{"line":40,"column":2},"end":{"line":50,"column":9}},"12":{"start":{"line":41,"column":21},"end":{"line":48,"column":5}},"13":{"start":{"line":42,"column":26},"end":{"line":42,"column":46}},"14":{"start":{"line":43,"column":6},"end":{"line":45,"column":9}},"15":{"start":{"line":44,"column":8},"end":{"line":44,"column":32}},"16":{"start":{"line":46,"column":6},"end":{"line":46,"column":33}},"17":{"start":{"line":47,"column":6},"end":{"line":47,"column":30}},"18":{"start":{"line":49,"column":4},"end":{"line":49,"column":15}},"19":{"start":{"line":52,"column":2},"end":{"line":75,"column":19}},"20":{"start":{"line":53,"column":28},"end":{"line":54,"column":57}},"21":{"start":{"line":53,"column":55},"end":{"line":54,"column":57}},"22":{"start":{"line":54,"column":29},"end":{"line":54,"column":56}},"23":{"start":{"line":56,"column":31},"end":{"line":57,"column":48}},"24":{"start":{"line":56,"column":38},"end":{"line":57,"column":47}},"25":{"start":{"line":59,"column":28},"end":{"line":60,"column":55}},"26":{"start":{"line":59,"column":52},"end":{"line":60,"column":55}},"27":{"start":{"line":60,"column":26},"end":{"line":60,"column":54}},"28":{"start":{"line":62,"column":23},"end":{"line":62,"column":85}},"29":{"start":{"line":64,"column":26},"end":{"line":64,"column":72}},"30":{"start":{"line":66,"column":4},"end":{"line":66,"column":30}},"31":{"start":{"line":67,"column":4},"end":{"line":71,"column":7}},"32":{"start":{"line":68,"column":18},"end":{"line":68,"column":31}},"33":{"start":{"line":69,"column":6},"end":{"line":69,"column":24}},"34":{"start":{"line":70,"column":6},"end":{"line":70,"column":18}},"35":{"start":{"line":73,"column":4},"end":{"line":73,"column":30}},"36":{"start":{"line":74,"column":4},"end":{"line":74,"column":38}},"37":{"start":{"line":77,"column":2},"end":{"line":89,"column":20}},"38":{"start":{"line":78,"column":29},"end":{"line":78,"column":40}},"39":{"start":{"line":79,"column":26},"end":{"line":79,"column":82}},"40":{"start":{"line":79,"column":53},"end":{"line":79,"column":81}},"41":{"start":{"line":81,"column":26},"end":{"line":83,"column":83}},"42":{"start":{"line":82,"column":49},"end":{"line":82,"column":82}},"43":{"start":{"line":83,"column":49},"end":{"line":83,"column":82}},"44":{"start":{"line":85,"column":27},"end":{"line":85,"column":83}},"45":{"start":{"line":85,"column":54},"end":{"line":85,"column":82}},"46":{"start":{"line":87,"column":19},"end":{"line":87,"column":55}},"47":{"start":{"line":88,"column":4},"end":{"line":88,"column":28}},"48":{"start":{"line":91,"column":2},"end":{"line":95,"column":4}},"49":{"start":{"line":98,"column":0},"end":{"line":100,"column":2}}},"fnMap":{"0":{"name":"ContextProvider","decl":{"start":{"line":7,"column":24},"end":{"line":7,"column":39}},"loc":{"start":{"line":7,"column":54},"end":{"line":96,"column":1}},"line":7},"1":{"name":"(anonymous_1)","decl":{"start":{"line":20,"column":31},"end":{"line":20,"column":32}},"loc":{"start":{"line":21,"column":4},"end":{"line":36,"column":5}},"line":21},"2":{"name":"(anonymous_2)","decl":{"start":{"line":40,"column":12},"end":{"line":40,"column":13}},"loc":{"start":{"line":40,"column":18},"end":{"line":50,"column":3}},"line":40},"3":{"name":"(anonymous_3)","decl":{"start":{"line":41,"column":21},"end":{"line":41,"column":22}},"loc":{"start":{"line":41,"column":33},"end":{"line":48,"column":5}},"line":41},"4":{"name":"(anonymous_4)","decl":{"start":{"line":43,"column":27},"end":{"line":43,"column":28}},"loc":{"start":{"line":43,"column":39},"end":{"line":45,"column":7}},"line":43},"5":{"name":"(anonymous_5)","decl":{"start":{"line":52,"column":12},"end":{"line":52,"column":13}},"loc":{"start":{"line":52,"column":18},"end":{"line":75,"column":3}},"line":52},"6":{"name":"(anonymous_6)","decl":{"start":{"line":53,"column":28},"end":{"line":53,"column":29}},"loc":{"start":{"line":53,"column":55},"end":{"line":54,"column":57}},"line":53},"7":{"name":"(anonymous_7)","decl":{"start":{"line":54,"column":14},"end":{"line":54,"column":15}},"loc":{"start":{"line":54,"column":29},"end":{"line":54,"column":56}},"line":54},"8":{"name":"(anonymous_8)","decl":{"start":{"line":56,"column":31},"end":{"line":56,"column":32}},"loc":{"start":{"line":56,"column":38},"end":{"line":57,"column":47}},"line":56},"9":{"name":"(anonymous_9)","decl":{"start":{"line":59,"column":28},"end":{"line":59,"column":29}},"loc":{"start":{"line":59,"column":52},"end":{"line":60,"column":55}},"line":59},"10":{"name":"(anonymous_10)","decl":{"start":{"line":60,"column":14},"end":{"line":60,"column":15}},"loc":{"start":{"line":60,"column":26},"end":{"line":60,"column":54}},"line":60},"11":{"name":"(anonymous_11)","decl":{"start":{"line":67,"column":15},"end":{"line":67,"column":16}},"loc":{"start":{"line":67,"column":25},"end":{"line":71,"column":5}},"line":67},"12":{"name":"(anonymous_12)","decl":{"start":{"line":77,"column":12},"end":{"line":77,"column":13}},"loc":{"start":{"line":77,"column":18},"end":{"line":89,"column":3}},"line":77},"13":{"name":"(anonymous_13)","decl":{"start":{"line":79,"column":41},"end":{"line":79,"column":42}},"loc":{"start":{"line":79,"column":53},"end":{"line":79,"column":81}},"line":79},"14":{"name":"(anonymous_14)","decl":{"start":{"line":82,"column":27},"end":{"line":82,"column":28}},"loc":{"start":{"line":82,"column":49},"end":{"line":82,"column":82}},"line":82},"15":{"name":"(anonymous_15)","decl":{"start":{"line":83,"column":27},"end":{"line":83,"column":28}},"loc":{"start":{"line":83,"column":49},"end":{"line":83,"column":82}},"line":83},"16":{"name":"(anonymous_16)","decl":{"start":{"line":85,"column":42},"end":{"line":85,"column":43}},"loc":{"start":{"line":85,"column":54},"end":{"line":85,"column":82}},"line":85}},"branchMap":{"0":{"loc":{"start":{"line":62,"column":23},"end":{"line":62,"column":85}},"type":"cond-expr","locations":[{"start":{"line":62,"column":47},"end":{"line":62,"column":67}},{"start":{"line":62,"column":70},"end":{"line":62,"column":85}}],"line":62},"1":{"loc":{"start":{"line":81,"column":26},"end":{"line":83,"column":83}},"type":"cond-expr","locations":[{"start":{"line":82,"column":8},"end":{"line":82,"column":83}},{"start":{"line":83,"column":8},"end":{"line":83,"column":83}}],"line":81}},"s":{"0":50,"1":50,"2":50,"3":50,"4":50,"5":50,"6":50,"7":50,"8":50,"9":50,"10":50,"11":50,"12":5,"13":5,"14":5,"15":50,"16":5,"17":5,"18":5,"19":50,"20":14,"21":12,"22":55,"23":14,"24":8,"25":14,"26":12,"27":88,"28":14,"29":14,"30":14,"31":14,"32":14,"33":14,"34":14,"35":14,"36":14,"37":50,"38":7,"39":7,"40":20,"41":7,"42":15,"43":7,"44":7,"45":20,"46":7,"47":7,"48":50,"49":1},"f":{"0":50,"1":50,"2":5,"3":5,"4":50,"5":14,"6":12,"7":55,"8":8,"9":12,"10":88,"11":14,"12":7,"13":20,"14":15,"15":7,"16":20},"b":{"0":[8,6],"1":[1,6]},"_coverageSchema":"1a1c01bbd47fc00a2c39e90264f33305004495a9","hash":"ec3fd5a65242e62dc2d67a49f8aab7af64ad95b0"}
,"/home/fischer/Desktop/projetos/project_starwars/sd-024-b-project-starwars-planets-search/src/context/StarWarsContext.js": {"path":"/home/fischer/Desktop/projetos/project_starwars/sd-024-b-project-starwars-planets-search/src/context/StarWarsContext.js","statementMap":{"0":{"start":{"line":3,"column":24},"end":{"line":3,"column":39}}},"fnMap":{},"branchMap":{},"s":{"0":1},"f":{},"b":{},"_coverageSchema":"1a1c01bbd47fc00a2c39e90264f33305004495a9","hash":"17e45cdcebcd8900fbef8d9071900d32dc257cd6"}
,"/home/fischer/Desktop/projetos/project_starwars/sd-024-b-project-starwars-planets-search/src/context/handleFilter.js": {"path":"/home/fischer/Desktop/projetos/project_starwars/sd-024-b-project-starwars-planets-search/src/context/handleFilter.js","statementMap":{"0":{"start":{"line":2,"column":40},"end":{"line":2,"column":46}},"1":{"start":{"line":3,"column":2},"end":{"line":21,"column":3}},"2":{"start":{"line":5,"column":4},"end":{"line":7,"column":5}},"3":{"start":{"line":6,"column":6},"end":{"line":6,"column":19}},"4":{"start":{"line":8,"column":4},"end":{"line":8,"column":50}},"5":{"start":{"line":10,"column":4},"end":{"line":12,"column":5}},"6":{"start":{"line":11,"column":6},"end":{"line":11,"column":19}},"7":{"start":{"line":13,"column":4},"end":{"line":13,"column":50}},"8":{"start":{"line":15,"column":4},"end":{"line":17,"column":5}},"9":{"start":{"line":16,"column":6},"end":{"line":16,"column":19}},"10":{"start":{"line":18,"column":4},"end":{"line":18,"column":52}},"11":{"start":{"line":20,"column":4},"end":{"line":20,"column":14}}},"fnMap":{"0":{"name":"handleFilter","decl":{"start":{"line":1,"column":24},"end":{"line":1,"column":36}},"loc":{"start":{"line":1,"column":53},"end":{"line":22,"column":1}},"line":1}},"branchMap":{"0":{"loc":{"start":{"line":3,"column":2},"end":{"line":21,"column":3}},"type":"switch","locations":[{"start":{"line":4,"column":2},"end":{"line":8,"column":50}},{"start":{"line":9,"column":2},"end":{"line":13,"column":50}},{"start":{"line":14,"column":2},"end":{"line":18,"column":52}},{"start":{"line":19,"column":2},"end":{"line":20,"column":14}}],"line":3},"1":{"loc":{"start":{"line":5,"column":4},"end":{"line":7,"column":5}},"type":"if","locations":[{"start":{"line":5,"column":4},"end":{"line":7,"column":5}},{"start":{},"end":{}}],"line":5},"2":{"loc":{"start":{"line":10,"column":4},"end":{"line":12,"column":5}},"type":"if","locations":[{"start":{"line":10,"column":4},"end":{"line":12,"column":5}},{"start":{},"end":{}}],"line":10},"3":{"loc":{"start":{"line":15,"column":4},"end":{"line":17,"column":5}},"type":"if","locations":[{"start":{"line":15,"column":4},"end":{"line":17,"column":5}},{"start":{},"end":{}}],"line":15}},"s":{"0":88,"1":88,"2":30,"3":0,"4":30,"5":48,"6":0,"7":48,"8":10,"9":0,"10":10,"11":0},"f":{"0":88},"b":{"0":[30,48,10,0],"1":[0,30],"2":[0,48],"3":[0,10]},"_coverageSchema":"1a1c01bbd47fc00a2c39e90264f33305004495a9","hash":"25393f2e3817f38eec21c16e78f4147a5064707b"}
,"/home/fischer/Desktop/projetos/project_starwars/sd-024-b-project-starwars-planets-search/src/services/api.js": {"path":"/home/fischer/Desktop/projetos/project_starwars/sd-024-b-project-starwars-planets-search/src/services/api.js","statementMap":{"0":{"start":{"line":3,"column":2},"end":{"line":5,"column":40}},"1":{"start":{"line":4,"column":24},"end":{"line":4,"column":39}},"2":{"start":{"line":5,"column":23},"end":{"line":5,"column":38}}},"fnMap":{"0":{"name":"fetchPlanets","decl":{"start":{"line":1,"column":30},"end":{"line":1,"column":42}},"loc":{"start":{"line":1,"column":45},"end":{"line":9,"column":1}},"line":1},"1":{"name":"(anonymous_1)","decl":{"start":{"line":4,"column":10},"end":{"line":4,"column":11}},"loc":{"start":{"line":4,"column":24},"end":{"line":4,"column":39}},"line":4},"2":{"name":"(anonymous_2)","decl":{"start":{"line":5,"column":10},"end":{"line":5,"column":11}},"loc":{"start":{"line":5,"column":23},"end":{"line":5,"column":38}},"line":5}},"branchMap":{},"s":{"0":5,"1":5,"2":5},"f":{"0":5,"1":5,"2":5},"b":{},"_coverageSchema":"1a1c01bbd47fc00a2c39e90264f33305004495a9","hash":"c60a66512ed95c2cd1e44e2eeb0f2aff9a7faacc"}
,"/home/fischer/Desktop/projetos/project_starwars/sd-024-b-project-starwars-planets-search/src/tests/helpers/MockData.js": {"path":"/home/fischer/Desktop/projetos/project_starwars/sd-024-b-project-starwars-planets-search/src/tests/helpers/MockData.js","statementMap":{"0":{"start":{"line":1,"column":17},"end":{"line":239,"column":1}}},"fnMap":{},"branchMap":{},"s":{"0":1},"f":{},"b":{},"_coverageSchema":"1a1c01bbd47fc00a2c39e90264f33305004495a9","hash":"4e0c864bde9da3ab212a91bcdfadf3a461f07c42"}
,"/home/fischer/Desktop/projetos/project_starwars/sd-024-b-project-starwars-planets-search/src/tests/helpers/renderWithProvider.js": {"path":"/home/fischer/Desktop/projetos/project_starwars/sd-024-b-project-starwars-planets-search/src/tests/helpers/renderWithProvider.js","statementMap":{"0":{"start":{"line":6,"column":2},"end":{"line":12,"column":3}}},"fnMap":{"0":{"name":"RenderWithProvider","decl":{"start":{"line":5,"column":24},"end":{"line":5,"column":42}},"loc":{"start":{"line":5,"column":53},"end":{"line":13,"column":1}},"line":5}},"branchMap":{},"s":{"0":5},"f":{"0":5},"b":{},"_coverageSchema":"1a1c01bbd47fc00a2c39e90264f33305004495a9","hash":"41410ae0632c17b8f567c8c896f8a144724399d1"}
}
