{"total": {"lines":{"total":95,"covered":6,"skipped":0,"pct":6.31},"statements":{"total":101,"covered":6,"skipped":0,"pct":5.94},"functions":{"total":38,"covered":5,"skipped":0,"pct":13.15},"branches":{"total":20,"covered":0,"skipped":0,"pct":0},"branchesTrue":{"total":0,"covered":0,"skipped":0,"pct":100}}
,"/home/fischer/Desktop/projetos/project_starwars/sd-024-b-project-starwars-planets-search/src/App.js": {"lines":{"total":1,"covered":1,"skipped":0,"pct":100},"functions":{"total":1,"covered":1,"skipped":0,"pct":100},"statements":{"total":1,"covered":1,"skipped":0,"pct":100},"branches":{"total":0,"covered":0,"skipped":0,"pct":100}}
,"/home/fischer/Desktop/projetos/project_starwars/sd-024-b-project-starwars-planets-search/src/components/Filter.js": {"lines":{"total":18,"covered":1,"skipped":0,"pct":5.55},"functions":{"total":7,"covered":1,"skipped":0,"pct":14.28},"statements":{"total":19,"covered":1,"skipped":0,"pct":5.26},"branches":{"total":2,"covered":0,"skipped":0,"pct":0}}
,"/home/fischer/Desktop/projetos/project_starwars/sd-024-b-project-starwars-planets-search/src/components/Options.js": {"lines":{"total":7,"covered":1,"skipped":0,"pct":14.28},"functions":{"total":6,"covered":1,"skipped":0,"pct":16.66},"statements":{"total":9,"covered":1,"skipped":0,"pct":11.11},"branches":{"total":2,"covered":0,"skipped":0,"pct":0}}
,"/home/fischer/Desktop/projetos/project_starwars/sd-024-b-project-starwars-planets-search/src/components/SearchBar.js": {"lines":{"total":8,"covered":1,"skipped":0,"pct":12.5},"functions":{"total":4,"covered":1,"skipped":0,"pct":25},"statements":{"total":8,"covered":1,"skipped":0,"pct":12.5},"branches":{"total":2,"covered":0,"skipped":0,"pct":0}}
,"/home/fischer/Desktop/projetos/project_starwars/sd-024-b-project-starwars-planets-search/src/components/Table.js": {"lines":{"total":7,"covered":1,"skipped":0,"pct":14.28},"functions":{"total":4,"covered":1,"skipped":0,"pct":25},"statements":{"total":7,"covered":1,"skipped":0,"pct":14.28},"branches":{"total":2,"covered":0,"skipped":0,"pct":0}}
,"/home/fischer/Desktop/projetos/project_starwars/sd-024-b-project-starwars-planets-search/src/context/ContextProvider.js": {"lines":{"total":36,"covered":0,"skipped":0,"pct":0},"functions":{"total":12,"covered":0,"skipped":0,"pct":0},"statements":{"total":39,"covered":0,"skipped":0,"pct":0},"branches":{"total":2,"covered":0,"skipped":0,"pct":0}}
,"/home/fischer/Desktop/projetos/project_starwars/sd-024-b-project-starwars-planets-search/src/context/Funcs.js": {"lines":{"total":12,"covered":0,"skipped":0,"pct":0},"functions":{"total":1,"covered":0,"skipped":0,"pct":0},"statements":{"total":12,"covered":0,"skipped":0,"pct":0},"branches":{"total":10,"covered":0,"skipped":0,"pct":0}}
,"/home/fischer/Desktop/projetos/project_starwars/sd-024-b-project-starwars-planets-search/src/context/StarWarsContext.js": {"lines":{"total":1,"covered":1,"skipped":0,"pct":100},"functions":{"total":0,"covered":0,"skipped":0,"pct":100},"statements":{"total":1,"covered":1,"skipped":0,"pct":100},"branches":{"total":0,"covered":0,"skipped":0,"pct":100}}
,"/home/fischer/Desktop/projetos/project_starwars/sd-024-b-project-starwars-planets-search/src/services/api.js": {"lines":{"total":5,"covered":0,"skipped":0,"pct":0},"functions":{"total":3,"covered":0,"skipped":0,"pct":0},"statements":{"total":5,"covered":0,"skipped":0,"pct":0},"branches":{"total":0,"covered":0,"skipped":0,"pct":100}}
}
