TN:
SF:src/App.js
FN:7,Main
FNF:1
FNH:1
FNDA:5,Main
DA:8,5
LF:1
LH:1
BRF:0
BRH:0
end_of_record
TN:
SF:src/components/Filter.js
FN:4,Filter
FN:12,(anonymous_1)
FN:15,(anonymous_2)
FN:19,(anonymous_3)
FN:25,(anonymous_4)
FN:26,(anonymous_5)
FN:63,(anonymous_6)
FNF:7
FNH:6
FNDA:50,Filter
FNDA:224,(anonymous_1)
FNDA:150,(anonymous_2)
FNDA:11,(anonymous_3)
FNDA:7,(anonymous_4)
FNDA:7,(anonymous_5)
FNDA:0,(anonymous_6)
DA:6,50
DA:7,50
DA:8,50
DA:10,50
DA:12,50
DA:13,224
DA:15,50
DA:16,150
DA:19,50
DA:20,11
DA:21,11
DA:22,11
DA:25,50
DA:26,7
DA:29,50
DA:63,0
LF:16
LH:15
BRF:0
BRH:0
end_of_record
TN:
SF:src/components/Options.js
FN:4,Options
FN:7,(anonymous_1)
FN:8,(anonymous_2)
FN:8,(anonymous_3)
FN:12,(anonymous_4)
FN:15,(anonymous_5)
FNF:6
FNH:6
FNDA:50,Options
FNDA:2,(anonymous_1)
FNDA:2,(anonymous_2)
FNDA:3,(anonymous_3)
FNDA:31,(anonymous_4)
FNDA:2,(anonymous_5)
DA:5,50
DA:7,50
DA:8,3
DA:11,50
DA:13,31
DA:15,2
DA:19,50
LF:7
LH:7
BRDA:11,0,0,50
BRDA:11,0,1,22
BRF:2
BRH:2
end_of_record
TN:
SF:src/components/SearchBar.js
FN:4,SearchBar
FN:7,(anonymous_1)
FN:9,(anonymous_2)
FN:10,(anonymous_3)
FNF:4
FNH:4
FNDA:50,SearchBar
FNDA:2,(anonymous_1)
FNDA:8,(anonymous_2)
FNDA:10,(anonymous_3)
DA:5,50
DA:7,50
DA:8,2
DA:9,8
DA:10,10
DA:11,2
DA:13,50
LF:7
LH:7
BRDA:8,0,0,1
BRDA:8,0,1,1
BRF:2
BRH:2
end_of_record
TN:
SF:src/components/Sort.js
FN:4,Sort
FN:11,(anonymous_1)
FN:15,(anonymous_2)
FN:16,(anonymous_3)
FN:22,(anonymous_4)
FNF:5
FNH:5
FNDA:52,Sort
FNDA:260,(anonymous_1)
FNDA:2,(anonymous_2)
FNDA:2,(anonymous_3)
FNDA:2,(anonymous_4)
DA:5,52
DA:6,52
DA:8,52
DA:11,52
DA:12,260
DA:15,52
DA:16,2
DA:17,2
DA:18,2
DA:22,52
DA:23,2
DA:26,52
LF:12
LH:12
BRF:0
BRH:0
end_of_record
TN:
SF:src/components/Table.js
FN:4,Table
FN:9,(anonymous_1)
FN:13,(anonymous_2)
FN:16,(anonymous_3)
FNF:4
FNH:4
FNDA:50,Table
FNDA:429,(anonymous_1)
FNDA:275,(anonymous_2)
FNDA:3575,(anonymous_3)
DA:5,50
DA:8,50
DA:9,429
DA:13,50
DA:14,275
DA:17,3575
DA:18,275
DA:20,3300
DA:26,50
LF:9
LH:9
BRDA:9,0,0,50
BRDA:9,0,1,17
BRDA:17,1,0,275
BRDA:17,1,1,3300
BRF:4
BRH:4
end_of_record
TN:
SF:src/context/ContextProvider.js
FN:7,ContextProvider
FN:20,(anonymous_1)
FN:40,(anonymous_2)
FN:41,(anonymous_3)
FN:43,(anonymous_4)
FN:52,(anonymous_5)
FN:53,(anonymous_6)
FN:54,(anonymous_7)
FN:56,(anonymous_8)
FN:59,(anonymous_9)
FN:60,(anonymous_10)
FN:67,(anonymous_11)
FN:77,(anonymous_12)
FN:79,(anonymous_13)
FN:82,(anonymous_14)
FN:83,(anonymous_15)
FN:85,(anonymous_16)
FNF:17
FNH:17
FNDA:50,ContextProvider
FNDA:50,(anonymous_1)
FNDA:5,(anonymous_2)
FNDA:5,(anonymous_3)
FNDA:50,(anonymous_4)
FNDA:14,(anonymous_5)
FNDA:12,(anonymous_6)
FNDA:55,(anonymous_7)
FNDA:8,(anonymous_8)
FNDA:12,(anonymous_9)
FNDA:88,(anonymous_10)
FNDA:14,(anonymous_11)
FNDA:7,(anonymous_12)
FNDA:20,(anonymous_13)
FNDA:15,(anonymous_14)
FNDA:7,(anonymous_15)
FNDA:20,(anonymous_16)
DA:8,50
DA:9,50
DA:12,50
DA:13,50
DA:14,50
DA:15,50
DA:16,50
DA:17,50
DA:18,50
DA:20,50
DA:21,50
DA:40,50
DA:41,5
DA:42,5
DA:43,5
DA:44,50
DA:46,5
DA:47,5
DA:49,5
DA:52,50
DA:53,14
DA:54,55
DA:56,14
DA:59,14
DA:60,88
DA:62,14
DA:64,14
DA:66,14
DA:67,14
DA:68,14
DA:69,14
DA:70,14
DA:73,14
DA:74,14
DA:77,50
DA:78,7
DA:79,20
DA:81,7
DA:82,15
DA:83,7
DA:85,20
DA:87,7
DA:88,7
DA:91,50
DA:98,1
LF:45
LH:45
BRDA:62,0,0,8
BRDA:62,0,1,6
BRDA:81,1,0,1
BRDA:81,1,1,6
BRF:4
BRH:4
end_of_record
TN:
SF:src/context/StarWarsContext.js
FNF:0
FNH:0
DA:3,1
LF:1
LH:1
BRF:0
BRH:0
end_of_record
TN:
SF:src/context/handleFilter.js
FN:1,handleFilter
FNF:1
FNH:1
FNDA:88,handleFilter
DA:2,88
DA:3,88
DA:5,30
DA:6,0
DA:8,30
DA:10,48
DA:11,0
DA:13,48
DA:15,10
DA:16,0
DA:18,10
DA:20,0
LF:12
LH:8
BRDA:3,0,0,30
BRDA:3,0,1,48
BRDA:3,0,2,10
BRDA:3,0,3,0
BRDA:5,1,0,0
BRDA:5,1,1,30
BRDA:10,2,0,0
BRDA:10,2,1,48
BRDA:15,3,0,0
BRDA:15,3,1,10
BRF:10
BRH:6
end_of_record
TN:
SF:src/services/api.js
FN:1,fetchPlanets
FN:4,(anonymous_1)
FN:5,(anonymous_2)
FNF:3
FNH:3
FNDA:5,fetchPlanets
FNDA:5,(anonymous_1)
FNDA:5,(anonymous_2)
DA:3,5
DA:4,5
DA:5,5
LF:3
LH:3
BRF:0
BRH:0
end_of_record
TN:
SF:src/tests/helpers/MockData.js
FNF:0
FNH:0
DA:1,1
LF:1
LH:1
BRF:0
BRH:0
end_of_record
TN:
SF:src/tests/helpers/renderWithProvider.js
FN:5,RenderWithProvider
FNF:1
FNH:1
FNDA:5,RenderWithProvider
DA:6,5
LF:1
LH:1
BRF:0
BRH:0
end_of_record
