{
  "stats": {
    "suites": 1,
    "tests": 9,
    "passes": 6,
    "pending": 0,
    "failures": 3,
    "start": "2022-11-11T12:03:47.662Z",
    "end": "2022-11-11T12:04:14.537Z",
    "duration": 26875,
    "testsRegistered": 9,
    "passPercent": 66.66666666666666,
    "pendingPercent": 0,
    "other": 0,
    "hasOther": false,
    "skipped": 0,
    "hasSkipped": false
  },
  "results": [
    {
      "uuid": "b4c2236b-4005-43f1-869c-a41ffa680561",
      "title": "",
      "fullFile": "cypress/e2e/03.starwarsNumericFilter.cy.js",
      "file": "cypress/e2e/03.starwarsNumericFilter.cy.js",
      "beforeHooks": [],
      "afterHooks": [],
      "tests": [],
      "suites": [
        {
          "uuid": "cb6ef9ea-19eb-4c7a-a302-eec76aecb8a6",
          "title": "3 - Crie um filtro para valores numéricos",
          "fullFile": "",
          "file": "",
          "beforeHooks": [],
          "afterHooks": [],
          "tests": [
            {
              "title": "Renderize o filtro de coluna",
              "fullTitle": "3 - Crie um filtro para valores numéricos Renderize o filtro de coluna",
              "timedOut": null,
              "duration": 737,
              "state": "passed",
              "speed": "fast",
              "pass": true,
              "fail": false,
              "pending": false,
              "context": null,
              "code": "const options = ['population', 'orbital_period', 'diameter', 'rotation_period', 'surface_water'];\ncy.getByTestId(_dataTestIds.COLUMN_FILTER).children().should('have.length', options.length).each(el => {\n  expect(el.text()).to.be.oneOf(options);\n});",
              "err": {},
              "uuid": "6ed532d8-794c-47e1-8675-a4c4913299c9",
              "parentUUID": "cb6ef9ea-19eb-4c7a-a302-eec76aecb8a6",
              "isHook": false,
              "skipped": false
            },
            {
              "title": "Renderize o filtro de comparação",
              "fullTitle": "3 - Crie um filtro para valores numéricos Renderize o filtro de comparação",
              "timedOut": null,
              "duration": 216,
              "state": "failed",
              "speed": null,
              "pass": false,
              "fail": true,
              "pending": false,
              "context": null,
              "code": "const options = ['maior que', 'menor que', 'igual a'];\ncy.getByTestId(_dataTestIds.COMPARISON_FILTER).children().should('have.length', options.length).each(el => {\n  expect(el.text()).to.be.oneOf(options);\n});",
              "err": {
                "message": "AssertionError: expected 'igual' to be one of [ 'maior que', 'menor que', 'igual a' ]",
                "estack": "AssertionError: expected 'igual' to be one of [ 'maior que', 'menor que', 'igual a' ]\n    at Context.eval (http://localhost:3000/__cypress/tests?p=cypress/e2e/03.starwarsNumericFilter.cy.js:140:31)",
                "diff": "- 'igual'\n+ [ 'maior que', 'menor que', 'igual a' ]\n"
              },
              "uuid": "783c3f42-1c5e-4634-a801-74c6a68f28ff",
              "parentUUID": "cb6ef9ea-19eb-4c7a-a302-eec76aecb8a6",
              "isHook": false,
              "skipped": false
            },
            {
              "title": "Renderize o campo para o valor do filtro",
              "fullTitle": "3 - Crie um filtro para valores numéricos Renderize o campo para o valor do filtro",
              "timedOut": null,
              "duration": 154,
              "state": "passed",
              "speed": "fast",
              "pass": true,
              "fail": false,
              "pending": false,
              "context": null,
              "code": "cy.getByTestId(_dataTestIds.VALUE_FILTER).should('be.visible');",
              "err": {},
              "uuid": "9edfc893-f75f-49c1-af90-304e4d83a239",
              "parentUUID": "cb6ef9ea-19eb-4c7a-a302-eec76aecb8a6",
              "isHook": false,
              "skipped": false
            },
            {
              "title": "Renderize o botão para executar a filtragem",
              "fullTitle": "3 - Crie um filtro para valores numéricos Renderize o botão para executar a filtragem",
              "timedOut": null,
              "duration": 151,
              "state": "passed",
              "speed": "fast",
              "pass": true,
              "fail": false,
              "pending": false,
              "context": null,
              "code": "cy.getByTestId(_dataTestIds.BUTTON_FILTER).should('be.visible');",
              "err": {},
              "uuid": "407ed6d4-5388-4a87-a2cc-53d73ddc08e8",
              "parentUUID": "cb6ef9ea-19eb-4c7a-a302-eec76aecb8a6",
              "isHook": false,
              "skipped": false
            },
            {
              "title": "Verifica valores iniciais de cada campo",
              "fullTitle": "3 - Crie um filtro para valores numéricos Verifica valores iniciais de cada campo",
              "timedOut": null,
              "duration": 10161,
              "state": "failed",
              "speed": null,
              "pass": false,
              "fail": true,
              "pending": false,
              "context": null,
              "code": "cy.getByTestId(_dataTestIds.COLUMN_FILTER).should('have.value', 'population');\ncy.getByTestId(_dataTestIds.COMPARISON_FILTER).should('have.value', 'maior que');\ncy.getByTestId(_dataTestIds.VALUE_FILTER).should('have.value', '0');",
              "err": {
                "message": "AssertionError: Timed out retrying after 10000ms: expected '<input#input>' to have value '0', but the value was ''",
                "estack": "AssertionError: Timed out retrying after 10000ms: expected '<input#input>' to have value '0', but the value was ''\n    at Context.eval (http://localhost:3000/__cypress/tests?p=cypress/e2e/03.starwarsNumericFilter.cy.js:152:47)",
                "diff": "+ '0'\n"
              },
              "uuid": "a5f88789-9599-431c-8c34-9189a252e84e",
              "parentUUID": "cb6ef9ea-19eb-4c7a-a302-eec76aecb8a6",
              "isHook": false,
              "skipped": false
            },
            {
              "title": "Filtre utilizando apenas o botão de filtrar",
              "fullTitle": "3 - Crie um filtro para valores numéricos Filtre utilizando apenas o botão de filtrar",
              "timedOut": null,
              "duration": 361,
              "state": "passed",
              "speed": "fast",
              "pass": true,
              "fail": false,
              "pending": false,
              "context": null,
              "code": "const DEFAULT_FILTERED_ROWS = 9;\ncy.getByTestId(_dataTestIds.BUTTON_FILTER).click();\ncy.get('table tr').should('have.length', DEFAULT_FILTERED_ROWS);",
              "err": {},
              "uuid": "5105d643-a8d1-4bc4-8b0a-82fdaf36d4ef",
              "parentUUID": "cb6ef9ea-19eb-4c7a-a302-eec76aecb8a6",
              "isHook": false,
              "skipped": false
            },
            {
              "title": "Filtre utilizando a comparação \"menor que\"",
              "fullTitle": "3 - Crie um filtro para valores numéricos Filtre utilizando a comparação \"menor que\"",
              "timedOut": null,
              "duration": 996,
              "state": "passed",
              "speed": "fast",
              "pass": true,
              "fail": false,
              "pending": false,
              "context": null,
              "code": "const LESS_FILTERED_ROWS = 7;\ncy.addFilter('surface_water', 'menor que', '40');\ncy.get('table tr').should('have.length', LESS_FILTERED_ROWS);",
              "err": {},
              "uuid": "3e99d12d-f229-4d35-9254-41009ece53fd",
              "parentUUID": "cb6ef9ea-19eb-4c7a-a302-eec76aecb8a6",
              "isHook": false,
              "skipped": false
            },
            {
              "title": "Filtre utilizando a comparação \"maior que\"",
              "fullTitle": "3 - Crie um filtro para valores numéricos Filtre utilizando a comparação \"maior que\"",
              "timedOut": null,
              "duration": 930,
              "state": "passed",
              "speed": "fast",
              "pass": true,
              "fail": false,
              "pending": false,
              "context": null,
              "code": "const GREATER_FILTERED_ROWS = 8;\ncy.addFilter('diameter', 'maior que', '8900');\ncy.get('table tr').should('have.length', GREATER_FILTERED_ROWS);",
              "err": {},
              "uuid": "da70cb66-d1e0-4bdc-bee7-51e332bf94e7",
              "parentUUID": "cb6ef9ea-19eb-4c7a-a302-eec76aecb8a6",
              "isHook": false,
              "skipped": false
            },
            {
              "title": "Filtre utilizando a comparação \"igual a\"",
              "fullTitle": "3 - Crie um filtro para valores numéricos Filtre utilizando a comparação \"igual a\"",
              "timedOut": null,
              "duration": 10226,
              "state": "failed",
              "speed": null,
              "pass": false,
              "fail": true,
              "pending": false,
              "context": null,
              "code": "const EQUALS_FILTERED_ROWS = 2;\ncy.addFilter('population', 'igual a', '200000');\ncy.get('table tr').should('have.length', EQUALS_FILTERED_ROWS);",
              "err": {
                "message": "CypressError: Timed out retrying after 10000ms: `cy.select()` failed because it could not find a single `<option>` with value, index, or text matching: `igual a`\n\nhttps://on.cypress.io/select",
                "estack": "CypressError: Timed out retrying after 10000ms: `cy.select()` failed because it could not find a single `<option>` with value, index, or text matching: `igual a`\n\nhttps://on.cypress.io/select\n    at getOptions (http://localhost:3000/__cypress/runner/cypress_runner.js:136373:80)\n    at tryCatcher (http://localhost:3000/__cypress/runner/cypress_runner.js:11318:23)\n    at Promise.attempt.Promise.try (http://localhost:3000/__cypress/runner/cypress_runner.js:8592:29)\n    at retryOptions (http://localhost:3000/__cypress/runner/cypress_runner.js:136411:67)\n    at tryCatcher (http://localhost:3000/__cypress/runner/cypress_runner.js:11318:23)\n    at Promise.attempt.Promise.try (http://localhost:3000/__cypress/runner/cypress_runner.js:8592:29)\n    at whenStable (http://localhost:3000/__cypress/runner/cypress_runner.js:152467:65)\n    at http://localhost:3000/__cypress/runner/cypress_runner.js:151921:14\n    at tryCatcher (http://localhost:3000/__cypress/runner/cypress_runner.js:11318:23)\n    at Promise._settlePromiseFromHandler (http://localhost:3000/__cypress/runner/cypress_runner.js:9253:31)\n    at Promise._settlePromise (http://localhost:3000/__cypress/runner/cypress_runner.js:9310:18)\n    at Promise._settlePromise0 (http://localhost:3000/__cypress/runner/cypress_runner.js:9355:10)\n    at Promise._settlePromises (http://localhost:3000/__cypress/runner/cypress_runner.js:9435:18)\n    at Promise._fulfill (http://localhost:3000/__cypress/runner/cypress_runner.js:9379:18)\n    at http://localhost:3000/__cypress/runner/cypress_runner.js:10993:46\nFrom Your Spec Code:\n    at Context.eval (http://localhost:3000/__cypress/tests?p=cypress/support/e2e.js:133:37)",
                "diff": null
              },
              "uuid": "78562f0e-253e-4362-877d-27d14a16791b",
              "parentUUID": "cb6ef9ea-19eb-4c7a-a302-eec76aecb8a6",
              "isHook": false,
              "skipped": false
            }
          ],
          "suites": [],
          "passes": [
            "6ed532d8-794c-47e1-8675-a4c4913299c9",
            "9edfc893-f75f-49c1-af90-304e4d83a239",
            "407ed6d4-5388-4a87-a2cc-53d73ddc08e8",
            "5105d643-a8d1-4bc4-8b0a-82fdaf36d4ef",
            "3e99d12d-f229-4d35-9254-41009ece53fd",
            "da70cb66-d1e0-4bdc-bee7-51e332bf94e7"
          ],
          "failures": [
            "783c3f42-1c5e-4634-a801-74c6a68f28ff",
            "a5f88789-9599-431c-8c34-9189a252e84e",
            "78562f0e-253e-4362-877d-27d14a16791b"
          ],
          "pending": [],
          "skipped": [],
          "duration": 23932,
          "root": false,
          "rootEmpty": false,
          "_timeout": 2000
        }
      ],
      "passes": [],
      "failures": [],
      "pending": [],
      "skipped": [],
      "duration": 0,
      "root": true,
      "rootEmpty": true,
      "_timeout": 2000
    }
  ],
  "meta": {
    "mocha": {
      "version": "7.0.1"
    },
    "mochawesome": {
      "options": {
        "quiet": false,
        "reportFilename": "mochawesome",
        "saveHtml": false,
        "saveJson": true,
        "consoleReporter": "spec",
        "useInlineDiffs": false,
        "code": true
      },
      "version": "7.1.3"
    },
    "marge": {
      "options": {
        "id": "default",
        "reportDir": "cypress/reports",
        "overwrite": false,
        "html": false,
        "json": true
      },
      "version": "6.2.0"
    }
  }
}