{
  "stats": {
    "suites": 1,
    "tests": 2,
    "passes": 2,
    "pending": 0,
    "failures": 0,
    "start": "2022-11-11T18:19:56.927Z",
    "end": "2022-11-11T18:20:04.383Z",
    "duration": 7456,
    "testsRegistered": 2,
    "passPercent": 100,
    "pendingPercent": 0,
    "other": 0,
    "hasOther": false,
    "skipped": 0,
    "hasSkipped": false
  },
  "results": [
    {
      "uuid": "79f84492-1682-463d-acba-b43f6a3525fb",
      "title": "",
      "fullFile": "cypress/e2e/04.multipleFilters.cy.js",
      "file": "cypress/e2e/04.multipleFilters.cy.js",
      "beforeHooks": [],
      "afterHooks": [],
      "tests": [],
      "suites": [
        {
          "uuid": "4b8de743-8ec7-4d83-9383-f027092c0531",
          "title": "4 - Implemente múltiplos filtros numéricos",
          "fullFile": "",
          "file": "",
          "beforeHooks": [],
          "afterHooks": [],
          "tests": [
            {
              "title": "Adicione dois filtros e verifique se a tabela foi atualizada com as informações filtradas",
              "fullTitle": "4 - Implemente múltiplos filtros numéricos Adicione dois filtros e verifique se a tabela foi atualizada com as informações filtradas",
              "timedOut": null,
              "duration": 2422,
              "state": "passed",
              "speed": "fast",
              "pass": true,
              "fail": false,
              "pending": false,
              "context": null,
              "code": "cy.get('table tr').should('have.length', ROWS_TOTAL);\ncy.addFilter('diameter', 'maior que', '9000');\ncy.get('table tr').should('have.length', FILTERED_ROWS);\ncy.addFilter('population', 'menor que', '1000000');\ncy.get('table tr').should('have.length', DOUBLE_FILTERED_ROWS);",
              "err": {},
              "uuid": "f1557fd5-a3b2-4b56-bdb7-64227a9ac3b7",
              "parentUUID": "4b8de743-8ec7-4d83-9383-f027092c0531",
              "isHook": false,
              "skipped": false
            },
            {
              "title": "Adicione três filtros e verifique se a tabela foi atualizada com as informações filtradas",
              "fullTitle": "4 - Implemente múltiplos filtros numéricos Adicione três filtros e verifique se a tabela foi atualizada com as informações filtradas",
              "timedOut": null,
              "duration": 2621,
              "state": "passed",
              "speed": "fast",
              "pass": true,
              "fail": false,
              "pending": false,
              "context": null,
              "code": "cy.get('table tr').should('have.length', ROWS_TOTAL);\ncy.addFilter('diameter', 'maior que', '9000');\ncy.get('table tr').should('have.length', FILTERED_ROWS);\ncy.addFilter('population', 'menor que', '1000000');\ncy.get('table tr').should('have.length', DOUBLE_FILTERED_ROWS);\ncy.addFilter('rotation_period', 'igual a', '23');\ncy.get('table tr').should('have.length', TRIPLE_FILTERED_ROWS);",
              "err": {},
              "uuid": "ad774ed9-09d2-4737-b626-fcc010244b70",
              "parentUUID": "4b8de743-8ec7-4d83-9383-f027092c0531",
              "isHook": false,
              "skipped": false
            }
          ],
          "suites": [],
          "passes": [
            "f1557fd5-a3b2-4b56-bdb7-64227a9ac3b7",
            "ad774ed9-09d2-4737-b626-fcc010244b70"
          ],
          "failures": [],
          "pending": [],
          "skipped": [],
          "duration": 5043,
          "root": false,
          "rootEmpty": false,
          "_timeout": 2000
        }
      ],
      "passes": [],
      "failures": [],
      "pending": [],
      "skipped": [],
      "duration": 0,
      "root": true,
      "rootEmpty": true,
      "_timeout": 2000
    }
  ],
  "meta": {
    "mocha": {
      "version": "7.0.1"
    },
    "mochawesome": {
      "options": {
        "quiet": false,
        "reportFilename": "mochawesome",
        "saveHtml": false,
        "saveJson": true,
        "consoleReporter": "spec",
        "useInlineDiffs": false,
        "code": true
      },
      "version": "7.1.3"
    },
    "marge": {
      "options": {
        "id": "default",
        "reportDir": "cypress/reports",
        "overwrite": false,
        "html": false,
        "json": true
      },
      "version": "6.2.0"
    }
  }
}