{
  "stats": {
    "suites": 1,
    "tests": 3,
    "passes": 3,
    "pending": 0,
    "failures": 0,
    "start": "2022-11-10T15:47:10.057Z",
    "end": "2022-11-10T15:47:14.890Z",
    "duration": 4833,
    "testsRegistered": 3,
    "passPercent": 100,
    "pendingPercent": 0,
    "other": 0,
    "hasOther": false,
    "skipped": 0,
    "hasSkipped": false
  },
  "results": [
    {
      "uuid": "6ca86dfc-ffcb-49f7-9049-24e917ee04f4",
      "title": "",
      "fullFile": "cypress/e2e/02.filterByName.cy.js",
      "file": "cypress/e2e/02.filterByName.cy.js",
      "beforeHooks": [],
      "afterHooks": [],
      "tests": [],
      "suites": [
        {
          "uuid": "fc474bfe-d120-4654-9c4a-201e3af28cda",
          "title": "2 - Crie um filtro de texto para a tabela",
          "fullFile": "",
          "file": "",
          "beforeHooks": [],
          "afterHooks": [],
          "tests": [
            {
              "title": "Filtre os planetas que possuem a letra \"o\" no nome",
              "fullTitle": "2 - Crie um filtro de texto para a tabela Filtre os planetas que possuem a letra \"o\" no nome",
              "timedOut": null,
              "duration": 1234,
              "state": "passed",
              "speed": "fast",
              "pass": true,
              "fail": false,
              "pending": false,
              "context": null,
              "code": "cy.getByTestId(_dataTestIds.INPUT_FILTER_NAME).type('o');\ncy.get('table tr').should('have.length', ROWS_WITH_LETTER_O);\nconst planetNames = ['Coruscant', 'Dagobah', 'Endor', 'Hoth', 'Kamino', 'Naboo', 'Tatooine'];\nplanetNames.forEach(planet => {\n  cy.contains(planet);\n});",
              "err": {},
              "uuid": "e297d6f1-bfb4-4938-a1c9-ea678898be2c",
              "parentUUID": "fc474bfe-d120-4654-9c4a-201e3af28cda",
              "isHook": false,
              "skipped": false
            },
            {
              "title": "Filtre planetas que possuem a letra \"oo\" no nome",
              "fullTitle": "2 - Crie um filtro de texto para a tabela Filtre planetas que possuem a letra \"oo\" no nome",
              "timedOut": null,
              "duration": 427,
              "state": "passed",
              "speed": "fast",
              "pass": true,
              "fail": false,
              "pending": false,
              "context": null,
              "code": "cy.getByTestId(_dataTestIds.INPUT_FILTER_NAME).type('oo');\ncy.get('table tr').should('have.length', ROWS_WITH_LETTER_OO);\ncy.contains('Naboo');\ncy.contains('Tatooine');",
              "err": {},
              "uuid": "efdb2bc9-14e6-4843-ac78-a23f58a70ae8",
              "parentUUID": "fc474bfe-d120-4654-9c4a-201e3af28cda",
              "isHook": false,
              "skipped": false
            },
            {
              "title": "Faça vários filtros em sequência",
              "fullTitle": "2 - Crie um filtro de texto para a tabela Faça vários filtros em sequência",
              "timedOut": null,
              "duration": 785,
              "state": "passed",
              "speed": "fast",
              "pass": true,
              "fail": false,
              "pending": false,
              "context": null,
              "code": "cy.getByTestId(_dataTestIds.INPUT_FILTER_NAME).type('o');\ncy.get('table tr').should('have.length', ROWS_WITH_LETTER_O);\nconst planetNames = ['Coruscant', 'Dagobah', 'Endor', 'Hoth', 'Kamino', 'Naboo', 'Tatooine'];\nplanetNames.forEach(planet => {\n  cy.contains(planet);\n});\ncy.getByTestId(_dataTestIds.INPUT_FILTER_NAME).type('o');\ncy.get('table tr').should('have.length', ROWS_WITH_LETTER_OO);\ncy.contains('Naboo');\ncy.contains('Tatooine');\ncy.getByTestId(_dataTestIds.INPUT_FILTER_NAME).clear();\ncy.get('table tr').should('have.length', ROWS_TOTAL);\nplanets.forEach(({\n  name\n}) => {\n  cy.contains(name);\n});",
              "err": {},
              "uuid": "12ed732f-c1d3-4a5c-a243-6c975bf30bd0",
              "parentUUID": "fc474bfe-d120-4654-9c4a-201e3af28cda",
              "isHook": false,
              "skipped": false
            }
          ],
          "suites": [],
          "passes": [
            "e297d6f1-bfb4-4938-a1c9-ea678898be2c",
            "efdb2bc9-14e6-4843-ac78-a23f58a70ae8",
            "12ed732f-c1d3-4a5c-a243-6c975bf30bd0"
          ],
          "failures": [],
          "pending": [],
          "skipped": [],
          "duration": 2446,
          "root": false,
          "rootEmpty": false,
          "_timeout": 2000
        }
      ],
      "passes": [],
      "failures": [],
      "pending": [],
      "skipped": [],
      "duration": 0,
      "root": true,
      "rootEmpty": true,
      "_timeout": 2000
    }
  ],
  "meta": {
    "mocha": {
      "version": "7.0.1"
    },
    "mochawesome": {
      "options": {
        "quiet": false,
        "reportFilename": "mochawesome",
        "saveHtml": false,
        "saveJson": true,
        "consoleReporter": "spec",
        "useInlineDiffs": false,
        "code": true
      },
      "version": "7.1.3"
    },
    "marge": {
      "options": {
        "id": "default",
        "reportDir": "cypress/reports",
        "overwrite": false,
        "html": false,
        "json": true
      },
      "version": "6.2.0"
    }
  }
}