{
  "stats": {
    "suites": 1,
    "tests": 4,
    "passes": 0,
    "pending": 0,
    "failures": 4,
    "start": "2022-11-12T12:28:40.971Z",
    "end": "2022-11-12T12:28:50.915Z",
    "duration": 9944,
    "testsRegistered": 4,
    "passPercent": 0,
    "pendingPercent": 0,
    "other": 0,
    "hasOther": false,
    "skipped": 0,
    "hasSkipped": false
  },
  "results": [
    {
      "uuid": "58d928f9-079c-4f3e-aeb5-43315fb9ee55",
      "title": "",
      "fullFile": "cypress/e2e/05.testCoverage30.cy.js",
      "file": "cypress/e2e/05.testCoverage30.cy.js",
      "beforeHooks": [],
      "afterHooks": [],
      "tests": [],
      "suites": [
        {
          "uuid": "ef048683-1102-493a-8016-dbe56f7f3f1b",
          "title": "5 - Desenvolva testes para atingir 30% de cobertura total da aplicação",
          "fullFile": "",
          "file": "",
          "beforeHooks": [],
          "afterHooks": [],
          "tests": [
            {
              "title": "Cobertura de \"Statements\" total deverá ser maior ou igual a 30.",
              "fullTitle": "5 - Desenvolva testes para atingir 30% de cobertura total da aplicação Cobertura de \"Statements\" total deverá ser maior ou igual a 30.",
              "timedOut": null,
              "duration": 9353,
              "state": "failed",
              "speed": null,
              "pass": false,
              "fail": true,
              "pending": false,
              "context": null,
              "code": "cy.getCoverage().its('total.statements.pct', {\n  timeout: 0\n}).should('be.gte', 30.00);",
              "err": {
                "message": "AssertionError: Timed out retrying after 0ms: expected 5.94 to be at least 30",
                "estack": "AssertionError: Timed out retrying after 0ms: expected 5.94 to be at least 30\n    at Context.eval (http://localhost:38339/__cypress/tests?p=cypress/e2e/05.testCoverage30.cy.js:103:8)",
                "diff": "- 5.94\n+ 30\n"
              },
              "uuid": "db02c379-05e5-4cbe-9595-b25ea1d18d81",
              "parentUUID": "ef048683-1102-493a-8016-dbe56f7f3f1b",
              "isHook": false,
              "skipped": false
            },
            {
              "title": "Cobertura de \"Functions\" total deverá ser maior ou igual a 30.",
              "fullTitle": "5 - Desenvolva testes para atingir 30% de cobertura total da aplicação Cobertura de \"Functions\" total deverá ser maior ou igual a 30.",
              "timedOut": null,
              "duration": 40,
              "state": "failed",
              "speed": null,
              "pass": false,
              "fail": true,
              "pending": false,
              "context": null,
              "code": "cy.getCoverage().its('total.functions.pct', {\n  timeout: 0\n}).should('be.gte', 30.00);",
              "err": {
                "message": "AssertionError: Timed out retrying after 0ms: expected 13.15 to be at least 30",
                "estack": "AssertionError: Timed out retrying after 0ms: expected 13.15 to be at least 30\n    at Context.eval (http://localhost:38339/__cypress/tests?p=cypress/e2e/05.testCoverage30.cy.js:108:8)",
                "diff": "- 13.15\n+ 30\n"
              },
              "uuid": "9fab353b-5335-4357-971f-d7687e247f74",
              "parentUUID": "ef048683-1102-493a-8016-dbe56f7f3f1b",
              "isHook": false,
              "skipped": false
            },
            {
              "title": "Cobertura de \"Branches\" total deverá ser maior ou igual a 30.",
              "fullTitle": "5 - Desenvolva testes para atingir 30% de cobertura total da aplicação Cobertura de \"Branches\" total deverá ser maior ou igual a 30.",
              "timedOut": null,
              "duration": 39,
              "state": "failed",
              "speed": null,
              "pass": false,
              "fail": true,
              "pending": false,
              "context": null,
              "code": "cy.getCoverage().its('total.branches.pct', {\n  timeout: 0\n}).should('be.gte', 30.00);",
              "err": {
                "message": "AssertionError: Timed out retrying after 0ms: expected 0 to be at least 30",
                "estack": "AssertionError: Timed out retrying after 0ms: expected 0 to be at least 30\n    at Context.eval (http://localhost:38339/__cypress/tests?p=cypress/e2e/05.testCoverage30.cy.js:113:8)",
                "diff": null
              },
              "uuid": "4000fdab-a178-431c-ada9-5573a2a69260",
              "parentUUID": "ef048683-1102-493a-8016-dbe56f7f3f1b",
              "isHook": false,
              "skipped": false
            },
            {
              "title": "Cobertura de \"Lines\" total deverá ser maior ou igual a 30.",
              "fullTitle": "5 - Desenvolva testes para atingir 30% de cobertura total da aplicação Cobertura de \"Lines\" total deverá ser maior ou igual a 30.",
              "timedOut": null,
              "duration": 63,
              "state": "failed",
              "speed": null,
              "pass": false,
              "fail": true,
              "pending": false,
              "context": null,
              "code": "cy.getCoverage().its('total.lines.pct', {\n  timeout: 0\n}).should('be.gte', 30.00);",
              "err": {
                "message": "AssertionError: Timed out retrying after 0ms: expected 6.31 to be at least 30",
                "estack": "AssertionError: Timed out retrying after 0ms: expected 6.31 to be at least 30\n    at Context.eval (http://localhost:38339/__cypress/tests?p=cypress/e2e/05.testCoverage30.cy.js:118:8)",
                "diff": "- 6.31\n+ 30\n"
              },
              "uuid": "ef07ad63-3c72-4583-a7cc-9e77d3397f47",
              "parentUUID": "ef048683-1102-493a-8016-dbe56f7f3f1b",
              "isHook": false,
              "skipped": false
            }
          ],
          "suites": [],
          "passes": [],
          "failures": [
            "db02c379-05e5-4cbe-9595-b25ea1d18d81",
            "9fab353b-5335-4357-971f-d7687e247f74",
            "4000fdab-a178-431c-ada9-5573a2a69260",
            "ef07ad63-3c72-4583-a7cc-9e77d3397f47"
          ],
          "pending": [],
          "skipped": [],
          "duration": 9495,
          "root": false,
          "rootEmpty": false,
          "_timeout": 2000
        }
      ],
      "passes": [],
      "failures": [],
      "pending": [],
      "skipped": [],
      "duration": 0,
      "root": true,
      "rootEmpty": true,
      "_timeout": 2000
    }
  ],
  "meta": {
    "mocha": {
      "version": "7.0.1"
    },
    "mochawesome": {
      "options": {
        "quiet": false,
        "reportFilename": "mochawesome",
        "saveHtml": false,
        "saveJson": true,
        "consoleReporter": "spec",
        "useInlineDiffs": false,
        "code": true
      },
      "version": "7.1.3"
    },
    "marge": {
      "options": {
        "id": "default",
        "reportDir": "cypress/reports",
        "overwrite": false,
        "html": false,
        "json": true
      },
      "version": "6.2.0"
    }
  }
}