{"total": {"lines":{"total":97,"covered":59,"skipped":0,"pct":60.82},"statements":{"total":109,"covered":64,"skipped":0,"pct":58.71},"functions":{"total":38,"covered":16,"skipped":0,"pct":42.1},"branches":{"total":10,"covered":6,"skipped":0,"pct":60},"branchesTrue":{"total":0,"covered":0,"skipped":0,"pct":100}}
,"/home/fischer/Desktop/projetos/trybe_wallet/sd-024-b-project-trybewallet/src/App.js": {"lines":{"total":1,"covered":1,"skipped":0,"pct":100},"functions":{"total":1,"covered":1,"skipped":0,"pct":100},"statements":{"total":1,"covered":1,"skipped":0,"pct":100},"branches":{"total":0,"covered":0,"skipped":0,"pct":100}}
,"/home/fischer/Desktop/projetos/trybe_wallet/sd-024-b-project-trybewallet/src/components/Header.js": {"lines":{"total":6,"covered":5,"skipped":0,"pct":83.33},"functions":{"total":4,"covered":2,"skipped":0,"pct":50},"statements":{"total":8,"covered":6,"skipped":0,"pct":75},"branches":{"total":0,"covered":0,"skipped":0,"pct":100}}
,"/home/fischer/Desktop/projetos/trybe_wallet/sd-024-b-project-trybewallet/src/components/Table.js": {"lines":{"total":14,"covered":8,"skipped":0,"pct":57.14},"functions":{"total":7,"covered":3,"skipped":0,"pct":42.85},"statements":{"total":16,"covered":9,"skipped":0,"pct":56.25},"branches":{"total":0,"covered":0,"skipped":0,"pct":100}}
,"/home/fischer/Desktop/projetos/trybe_wallet/sd-024-b-project-trybewallet/src/components/WalletForm.js": {"lines":{"total":25,"covered":16,"skipped":0,"pct":64},"functions":{"total":9,"covered":5,"skipped":0,"pct":55.55},"statements":{"total":28,"covered":19,"skipped":0,"pct":67.85},"branches":{"total":0,"covered":0,"skipped":0,"pct":100}}
,"/home/fischer/Desktop/projetos/trybe_wallet/sd-024-b-project-trybewallet/src/pages/Login.js": {"lines":{"total":17,"covered":9,"skipped":0,"pct":52.94},"functions":{"total":3,"covered":2,"skipped":0,"pct":66.66},"statements":{"total":17,"covered":9,"skipped":0,"pct":52.94},"branches":{"total":2,"covered":2,"skipped":0,"pct":100}}
,"/home/fischer/Desktop/projetos/trybe_wallet/sd-024-b-project-trybewallet/src/pages/Wallet.js": {"lines":{"total":1,"covered":1,"skipped":0,"pct":100},"functions":{"total":1,"covered":1,"skipped":0,"pct":100},"statements":{"total":1,"covered":1,"skipped":0,"pct":100},"branches":{"total":0,"covered":0,"skipped":0,"pct":100}}
,"/home/fischer/Desktop/projetos/trybe_wallet/sd-024-b-project-trybewallet/src/redux/actions/actionTypes.js": {"lines":{"total":5,"covered":5,"skipped":0,"pct":100},"functions":{"total":0,"covered":0,"skipped":0,"pct":100},"statements":{"total":5,"covered":5,"skipped":0,"pct":100},"branches":{"total":0,"covered":0,"skipped":0,"pct":100}}
,"/home/fischer/Desktop/projetos/trybe_wallet/sd-024-b-project-trybewallet/src/redux/actions/index.js": {"lines":{"total":10,"covered":5,"skipped":0,"pct":50},"functions":{"total":8,"covered":0,"skipped":0,"pct":0},"statements":{"total":15,"covered":5,"skipped":0,"pct":33.33},"branches":{"total":0,"covered":0,"skipped":0,"pct":100}}
,"/home/fischer/Desktop/projetos/trybe_wallet/sd-024-b-project-trybewallet/src/redux/reducers/index.js": {"lines":{"total":1,"covered":1,"skipped":0,"pct":100},"functions":{"total":0,"covered":0,"skipped":0,"pct":100},"statements":{"total":1,"covered":1,"skipped":0,"pct":100},"branches":{"total":0,"covered":0,"skipped":0,"pct":100}}
,"/home/fischer/Desktop/projetos/trybe_wallet/sd-024-b-project-trybewallet/src/redux/reducers/user.js": {"lines":{"total":5,"covered":4,"skipped":0,"pct":80},"functions":{"total":1,"covered":1,"skipped":0,"pct":100},"statements":{"total":5,"covered":4,"skipped":0,"pct":80},"branches":{"total":3,"covered":2,"skipped":0,"pct":66.66}}
,"/home/fischer/Desktop/projetos/trybe_wallet/sd-024-b-project-trybewallet/src/redux/reducers/wallet.js": {"lines":{"total":7,"covered":4,"skipped":0,"pct":57.14},"functions":{"total":1,"covered":1,"skipped":0,"pct":100},"statements":{"total":7,"covered":4,"skipped":0,"pct":57.14},"branches":{"total":5,"covered":2,"skipped":0,"pct":40}}
,"/home/fischer/Desktop/projetos/trybe_wallet/sd-024-b-project-trybewallet/src/services/api.js": {"lines":{"total":5,"covered":0,"skipped":0,"pct":0},"functions":{"total":3,"covered":0,"skipped":0,"pct":0},"statements":{"total":5,"covered":0,"skipped":0,"pct":0},"branches":{"total":0,"covered":0,"skipped":0,"pct":100}}
}
