{"/home/fischer/Desktop/projetos/trybe_wallet/sd-024-b-project-trybewallet/src/App.js": {"path":"/home/fischer/Desktop/projetos/trybe_wallet/sd-024-b-project-trybewallet/src/App.js","statementMap":{"0":{"start":{"line":7,"column":2},"end":{"line":14,"column":4}}},"fnMap":{"0":{"name":"App","decl":{"start":{"line":6,"column":9},"end":{"line":6,"column":12}},"loc":{"start":{"line":6,"column":15},"end":{"line":15,"column":1}},"line":6}},"branchMap":{},"s":{"0":2},"f":{"0":2},"b":{},"_coverageSchema":"1a1c01bbd47fc00a2c39e90264f33305004495a9","hash":"7569284a6782bfc4e8c290f258009a50065a0045"}
,"/home/fischer/Desktop/projetos/trybe_wallet/sd-024-b-project-trybewallet/src/components/Header.js": {"path":"/home/fischer/Desktop/projetos/trybe_wallet/sd-024-b-project-trybewallet/src/components/Header.js","statementMap":{"0":{"start":{"line":7,"column":40},"end":{"line":7,"column":50}},"1":{"start":{"line":8,"column":21},"end":{"line":9,"column":84}},"2":{"start":{"line":9,"column":10},"end":{"line":9,"column":45}},"3":{"start":{"line":9,"column":64},"end":{"line":9,"column":69}},"4":{"start":{"line":11,"column":4},"end":{"line":17,"column":6}},"5":{"start":{"line":21,"column":0},"end":{"line":24,"column":2}},"6":{"start":{"line":26,"column":24},"end":{"line":29,"column":2}},"7":{"start":{"line":26,"column":47},"end":{"line":29,"column":1}}},"fnMap":{"0":{"name":"(anonymous_0)","decl":{"start":{"line":6,"column":2},"end":{"line":6,"column":3}},"loc":{"start":{"line":6,"column":11},"end":{"line":18,"column":3}},"line":6},"1":{"name":"(anonymous_1)","decl":{"start":{"line":8,"column":38},"end":{"line":8,"column":39}},"loc":{"start":{"line":9,"column":10},"end":{"line":9,"column":45}},"line":9},"2":{"name":"(anonymous_2)","decl":{"start":{"line":9,"column":54},"end":{"line":9,"column":55}},"loc":{"start":{"line":9,"column":64},"end":{"line":9,"column":69}},"line":9},"3":{"name":"(anonymous_3)","decl":{"start":{"line":26,"column":24},"end":{"line":26,"column":25}},"loc":{"start":{"line":26,"column":47},"end":{"line":29,"column":1}},"line":26}},"branchMap":{},"s":{"0":1,"1":1,"2":0,"3":0,"4":1,"5":1,"6":1,"7":1},"f":{"0":1,"1":0,"2":0,"3":1},"b":{},"_coverageSchema":"1a1c01bbd47fc00a2c39e90264f33305004495a9","hash":"b3a900178e549d2f87c215f987d83e222ddc4932"}
,"/home/fischer/Desktop/projetos/trybe_wallet/sd-024-b-project-trybewallet/src/components/Table.js": {"path":"/home/fischer/Desktop/projetos/trybe_wallet/sd-024-b-project-trybewallet/src/components/Table.js","statementMap":{"0":{"start":{"line":7,"column":16},"end":{"line":11,"column":3}},"1":{"start":{"line":8,"column":39},"end":{"line":8,"column":49}},"2":{"start":{"line":9,"column":29},"end":{"line":9,"column":80}},"3":{"start":{"line":9,"column":62},"end":{"line":9,"column":79}},"4":{"start":{"line":10,"column":4},"end":{"line":10,"column":46}},"5":{"start":{"line":13,"column":15},"end":{"line":40,"column":3}},"6":{"start":{"line":14,"column":29},"end":{"line":14,"column":39}},"7":{"start":{"line":15,"column":4},"end":{"line":39,"column":7}},"8":{"start":{"line":17,"column":18},"end":{"line":17,"column":53}},"9":{"start":{"line":18,"column":6},"end":{"line":38,"column":8}},"10":{"start":{"line":30,"column":30},"end":{"line":30,"column":50}},"11":{"start":{"line":43,"column":18},"end":{"line":43,"column":35}},"12":{"start":{"line":44,"column":4},"end":{"line":63,"column":6}},"13":{"start":{"line":67,"column":0},"end":{"line":70,"column":2}},"14":{"start":{"line":72,"column":24},"end":{"line":74,"column":2}},"15":{"start":{"line":72,"column":41},"end":{"line":74,"column":1}}},"fnMap":{"0":{"name":"(anonymous_0)","decl":{"start":{"line":7,"column":16},"end":{"line":7,"column":17}},"loc":{"start":{"line":7,"column":24},"end":{"line":11,"column":3}},"line":7},"1":{"name":"(anonymous_1)","decl":{"start":{"line":9,"column":49},"end":{"line":9,"column":50}},"loc":{"start":{"line":9,"column":62},"end":{"line":9,"column":79}},"line":9},"2":{"name":"(anonymous_2)","decl":{"start":{"line":13,"column":15},"end":{"line":13,"column":16}},"loc":{"start":{"line":13,"column":21},"end":{"line":40,"column":3}},"line":13},"3":{"name":"(anonymous_3)","decl":{"start":{"line":15,"column":28},"end":{"line":15,"column":29}},"loc":{"start":{"line":16,"column":51},"end":{"line":39,"column":5}},"line":16},"4":{"name":"(anonymous_4)","decl":{"start":{"line":30,"column":24},"end":{"line":30,"column":25}},"loc":{"start":{"line":30,"column":30},"end":{"line":30,"column":50}},"line":30},"5":{"name":"(anonymous_5)","decl":{"start":{"line":42,"column":2},"end":{"line":42,"column":3}},"loc":{"start":{"line":42,"column":11},"end":{"line":64,"column":3}},"line":42},"6":{"name":"(anonymous_6)","decl":{"start":{"line":72,"column":24},"end":{"line":72,"column":25}},"loc":{"start":{"line":72,"column":41},"end":{"line":74,"column":1}},"line":72}},"branchMap":{},"s":{"0":1,"1":0,"2":0,"3":0,"4":0,"5":1,"6":1,"7":1,"8":0,"9":0,"10":0,"11":1,"12":1,"13":1,"14":1,"15":1},"f":{"0":0,"1":0,"2":1,"3":0,"4":0,"5":1,"6":1},"b":{},"_coverageSchema":"1a1c01bbd47fc00a2c39e90264f33305004495a9","hash":"e823bd7c36fe909f5b5696e33cb924c6a248687a"}
,"/home/fischer/Desktop/projetos/trybe_wallet/sd-024-b-project-trybewallet/src/components/WalletForm.js": {"path":"/home/fischer/Desktop/projetos/trybe_wallet/sd-024-b-project-trybewallet/src/components/WalletForm.js","statementMap":{"0":{"start":{"line":6,"column":19},"end":{"line":6,"column":32}},"1":{"start":{"line":8,"column":10},"end":{"line":14,"column":3}},"2":{"start":{"line":16,"column":20},"end":{"line":22,"column":15}},"3":{"start":{"line":16,"column":35},"end":{"line":22,"column":15}},"4":{"start":{"line":17,"column":4},"end":{"line":22,"column":13}},"5":{"start":{"line":24,"column":23},"end":{"line":27,"column":3}},"6":{"start":{"line":25,"column":23},"end":{"line":25,"column":79}},"7":{"start":{"line":26,"column":4},"end":{"line":26,"column":85}},"8":{"start":{"line":26,"column":35},"end":{"line":26,"column":83}},"9":{"start":{"line":29,"column":17},"end":{"line":31,"column":3}},"10":{"start":{"line":30,"column":4},"end":{"line":30,"column":35}},"11":{"start":{"line":33,"column":16},"end":{"line":41,"column":3}},"12":{"start":{"line":34,"column":4},"end":{"line":40,"column":7}},"13":{"start":{"line":43,"column":16},"end":{"line":57,"column":3}},"14":{"start":{"line":44,"column":4},"end":{"line":44,"column":23}},"15":{"start":{"line":45,"column":36},"end":{"line":45,"column":46}},"16":{"start":{"line":46,"column":58},"end":{"line":46,"column":68}},"17":{"start":{"line":47,"column":20},"end":{"line":54,"column":5}},"18":{"start":{"line":55,"column":4},"end":{"line":55,"column":38}},"19":{"start":{"line":56,"column":4},"end":{"line":56,"column":23}},"20":{"start":{"line":60,"column":29},"end":{"line":60,"column":39}},"21":{"start":{"line":61,"column":35},"end":{"line":61,"column":45}},"22":{"start":{"line":62,"column":20},"end":{"line":62,"column":54}},"23":{"start":{"line":63,"column":23},"end":{"line":63,"column":48}},"24":{"start":{"line":64,"column":4},"end":{"line":118,"column":6}},"25":{"start":{"line":122,"column":24},"end":{"line":126,"column":2}},"26":{"start":{"line":122,"column":41},"end":{"line":126,"column":1}},"27":{"start":{"line":128,"column":0},"end":{"line":132,"column":2}}},"fnMap":{"0":{"name":"(anonymous_0)","decl":{"start":{"line":16,"column":20},"end":{"line":16,"column":21}},"loc":{"start":{"line":16,"column":35},"end":{"line":22,"column":15}},"line":16},"1":{"name":"(anonymous_1)","decl":{"start":{"line":16,"column":49},"end":{"line":16,"column":50}},"loc":{"start":{"line":17,"column":4},"end":{"line":22,"column":13}},"line":17},"2":{"name":"(anonymous_2)","decl":{"start":{"line":24,"column":23},"end":{"line":24,"column":24}},"loc":{"start":{"line":24,"column":29},"end":{"line":27,"column":3}},"line":24},"3":{"name":"(anonymous_3)","decl":{"start":{"line":26,"column":26},"end":{"line":26,"column":27}},"loc":{"start":{"line":26,"column":35},"end":{"line":26,"column":83}},"line":26},"4":{"name":"(anonymous_4)","decl":{"start":{"line":29,"column":17},"end":{"line":29,"column":18}},"loc":{"start":{"line":29,"column":48},"end":{"line":31,"column":3}},"line":29},"5":{"name":"(anonymous_5)","decl":{"start":{"line":33,"column":16},"end":{"line":33,"column":17}},"loc":{"start":{"line":33,"column":22},"end":{"line":41,"column":3}},"line":33},"6":{"name":"(anonymous_6)","decl":{"start":{"line":43,"column":16},"end":{"line":43,"column":17}},"loc":{"start":{"line":43,"column":23},"end":{"line":57,"column":3}},"line":43},"7":{"name":"(anonymous_7)","decl":{"start":{"line":59,"column":2},"end":{"line":59,"column":3}},"loc":{"start":{"line":59,"column":11},"end":{"line":119,"column":3}},"line":59},"8":{"name":"(anonymous_8)","decl":{"start":{"line":122,"column":24},"end":{"line":122,"column":25}},"loc":{"start":{"line":122,"column":41},"end":{"line":126,"column":1}},"line":122}},"branchMap":{},"s":{"0":1,"1":1,"2":1,"3":1,"4":0,"5":1,"6":1,"7":1,"8":5,"9":1,"10":0,"11":1,"12":0,"13":1,"14":0,"15":0,"16":0,"17":0,"18":0,"19":0,"20":1,"21":1,"22":1,"23":1,"24":1,"25":1,"26":1,"27":1},"f":{"0":1,"1":0,"2":1,"3":5,"4":0,"5":0,"6":0,"7":1,"8":1},"b":{},"_coverageSchema":"1a1c01bbd47fc00a2c39e90264f33305004495a9","hash":"e95298165f54aa6f4a5a4b9b21a71d47acba4d38"}
,"/home/fischer/Desktop/projetos/trybe_wallet/sd-024-b-project-trybewallet/src/pages/Login.js": {"path":"/home/fischer/Desktop/projetos/trybe_wallet/sd-024-b-project-trybewallet/src/pages/Login.js","statementMap":{"0":{"start":{"line":8,"column":10},"end":{"line":11,"column":3}},"1":{"start":{"line":13,"column":17},"end":{"line":15,"column":3}},"2":{"start":{"line":14,"column":4},"end":{"line":14,"column":37}},"3":{"start":{"line":17,"column":16},"end":{"line":26,"column":3}},"4":{"start":{"line":18,"column":4},"end":{"line":18,"column":23}},"5":{"start":{"line":19,"column":34},"end":{"line":19,"column":44}},"6":{"start":{"line":20,"column":22},"end":{"line":20,"column":32}},"7":{"start":{"line":21,"column":22},"end":{"line":21,"column":41}},"8":{"start":{"line":22,"column":4},"end":{"line":22,"column":26}},"9":{"start":{"line":23,"column":4},"end":{"line":23,"column":52}},"10":{"start":{"line":24,"column":4},"end":{"line":24,"column":34}},"11":{"start":{"line":25,"column":4},"end":{"line":25,"column":30}},"12":{"start":{"line":29,"column":32},"end":{"line":29,"column":42}},"13":{"start":{"line":30,"column":22},"end":{"line":30,"column":23}},"14":{"start":{"line":31,"column":23},"end":{"line":31,"column":82}},"15":{"start":{"line":32,"column":4},"end":{"line":51,"column":6}},"16":{"start":{"line":55,"column":0},"end":{"line":58,"column":2}}},"fnMap":{"0":{"name":"(anonymous_0)","decl":{"start":{"line":13,"column":17},"end":{"line":13,"column":18}},"loc":{"start":{"line":13,"column":50},"end":{"line":15,"column":3}},"line":13},"1":{"name":"(anonymous_1)","decl":{"start":{"line":17,"column":16},"end":{"line":17,"column":17}},"loc":{"start":{"line":17,"column":29},"end":{"line":26,"column":3}},"line":17},"2":{"name":"(anonymous_2)","decl":{"start":{"line":28,"column":2},"end":{"line":28,"column":3}},"loc":{"start":{"line":28,"column":11},"end":{"line":52,"column":3}},"line":28}},"branchMap":{"0":{"loc":{"start":{"line":31,"column":23},"end":{"line":31,"column":82}},"type":"binary-expr","locations":[{"start":{"line":31,"column":23},"end":{"line":31,"column":50}},{"start":{"line":31,"column":54},"end":{"line":31,"column":82}}],"line":31}},"s":{"0":2,"1":2,"2":31,"3":2,"4":0,"5":0,"6":0,"7":0,"8":0,"9":0,"10":0,"11":0,"12":33,"13":33,"14":33,"15":33,"16":1},"f":{"0":31,"1":0,"2":33},"b":{"0":[33,12]},"_coverageSchema":"1a1c01bbd47fc00a2c39e90264f33305004495a9","hash":"c731e17dedbbe55604b49c235eb752d6afeede4e"}
,"/home/fischer/Desktop/projetos/trybe_wallet/sd-024-b-project-trybewallet/src/pages/Wallet.js": {"path":"/home/fischer/Desktop/projetos/trybe_wallet/sd-024-b-project-trybewallet/src/pages/Wallet.js","statementMap":{"0":{"start":{"line":9,"column":4},"end":{"line":15,"column":6}}},"fnMap":{"0":{"name":"(anonymous_0)","decl":{"start":{"line":8,"column":2},"end":{"line":8,"column":3}},"loc":{"start":{"line":8,"column":11},"end":{"line":16,"column":3}},"line":8}},"branchMap":{},"s":{"0":1},"f":{"0":1},"b":{},"_coverageSchema":"1a1c01bbd47fc00a2c39e90264f33305004495a9","hash":"7574658445df8b2bc1561cc7f22e9da763315830"}
,"/home/fischer/Desktop/projetos/trybe_wallet/sd-024-b-project-trybewallet/src/redux/actions/actionTypes.js": {"path":"/home/fischer/Desktop/projetos/trybe_wallet/sd-024-b-project-trybewallet/src/redux/actions/actionTypes.js","statementMap":{"0":{"start":{"line":1,"column":18},"end":{"line":1,"column":29}},"1":{"start":{"line":2,"column":22},"end":{"line":2,"column":37}},"2":{"start":{"line":3,"column":23},"end":{"line":3,"column":39}},"3":{"start":{"line":4,"column":22},"end":{"line":4,"column":37}},"4":{"start":{"line":5,"column":23},"end":{"line":5,"column":39}}},"fnMap":{},"branchMap":{},"s":{"0":1,"1":1,"2":1,"3":1,"4":1},"f":{},"b":{},"_coverageSchema":"1a1c01bbd47fc00a2c39e90264f33305004495a9","hash":"a65e4d01b876c614757c4f0bc4c7471be8f70c9f"}
,"/home/fischer/Desktop/projetos/trybe_wallet/sd-024-b-project-trybewallet/src/redux/actions/index.js": {"path":"/home/fischer/Desktop/projetos/trybe_wallet/sd-024-b-project-trybewallet/src/redux/actions/index.js","statementMap":{"0":{"start":{"line":3,"column":28},"end":{"line":6,"column":2}},"1":{"start":{"line":3,"column":42},"end":{"line":6,"column":1}},"2":{"start":{"line":8,"column":31},"end":{"line":11,"column":2}},"3":{"start":{"line":8,"column":45},"end":{"line":11,"column":1}},"4":{"start":{"line":13,"column":29},"end":{"line":16,"column":2}},"5":{"start":{"line":13,"column":43},"end":{"line":16,"column":1}},"6":{"start":{"line":18,"column":29},"end":{"line":21,"column":2}},"7":{"start":{"line":18,"column":43},"end":{"line":21,"column":1}},"8":{"start":{"line":23,"column":30},"end":{"line":29,"column":1}},"9":{"start":{"line":23,"column":43},"end":{"line":29,"column":1}},"10":{"start":{"line":24,"column":21},"end":{"line":26,"column":35}},"11":{"start":{"line":25,"column":24},"end":{"line":25,"column":39}},"12":{"start":{"line":26,"column":25},"end":{"line":26,"column":34}},"13":{"start":{"line":27,"column":2},"end":{"line":27,"column":25}},"14":{"start":{"line":28,"column":2},"end":{"line":28,"column":71}}},"fnMap":{"0":{"name":"(anonymous_0)","decl":{"start":{"line":3,"column":28},"end":{"line":3,"column":29}},"loc":{"start":{"line":3,"column":42},"end":{"line":6,"column":1}},"line":3},"1":{"name":"(anonymous_1)","decl":{"start":{"line":8,"column":31},"end":{"line":8,"column":32}},"loc":{"start":{"line":8,"column":45},"end":{"line":11,"column":1}},"line":8},"2":{"name":"(anonymous_2)","decl":{"start":{"line":13,"column":29},"end":{"line":13,"column":30}},"loc":{"start":{"line":13,"column":43},"end":{"line":16,"column":1}},"line":13},"3":{"name":"(anonymous_3)","decl":{"start":{"line":18,"column":29},"end":{"line":18,"column":30}},"loc":{"start":{"line":18,"column":43},"end":{"line":21,"column":1}},"line":18},"4":{"name":"(anonymous_4)","decl":{"start":{"line":23,"column":30},"end":{"line":23,"column":31}},"loc":{"start":{"line":23,"column":43},"end":{"line":29,"column":1}},"line":23},"5":{"name":"(anonymous_5)","decl":{"start":{"line":23,"column":43},"end":{"line":23,"column":44}},"loc":{"start":{"line":23,"column":63},"end":{"line":29,"column":1}},"line":23},"6":{"name":"(anonymous_6)","decl":{"start":{"line":25,"column":10},"end":{"line":25,"column":11}},"loc":{"start":{"line":25,"column":24},"end":{"line":25,"column":39}},"line":25},"7":{"name":"(anonymous_7)","decl":{"start":{"line":26,"column":10},"end":{"line":26,"column":11}},"loc":{"start":{"line":26,"column":25},"end":{"line":26,"column":34}},"line":26}},"branchMap":{},"s":{"0":1,"1":0,"2":1,"3":0,"4":1,"5":0,"6":1,"7":0,"8":1,"9":0,"10":0,"11":0,"12":0,"13":0,"14":0},"f":{"0":0,"1":0,"2":0,"3":0,"4":0,"5":0,"6":0,"7":0},"b":{},"_coverageSchema":"1a1c01bbd47fc00a2c39e90264f33305004495a9","hash":"454d78630ddb7856a0132a5eaf289e7173ed7880"}
,"/home/fischer/Desktop/projetos/trybe_wallet/sd-024-b-project-trybewallet/src/redux/reducers/index.js": {"path":"/home/fischer/Desktop/projetos/trybe_wallet/sd-024-b-project-trybewallet/src/redux/reducers/index.js","statementMap":{"0":{"start":{"line":7,"column":20},"end":{"line":7,"column":53}}},"fnMap":{},"branchMap":{},"s":{"0":1},"f":{},"b":{},"_coverageSchema":"1a1c01bbd47fc00a2c39e90264f33305004495a9","hash":"7580c2d3dd15eb46a7789c62e7983eb8e8ad5b14"}
,"/home/fischer/Desktop/projetos/trybe_wallet/sd-024-b-project-trybewallet/src/redux/reducers/user.js": {"path":"/home/fischer/Desktop/projetos/trybe_wallet/sd-024-b-project-trybewallet/src/redux/reducers/user.js","statementMap":{"0":{"start":{"line":4,"column":22},"end":{"line":6,"column":1}},"1":{"start":{"line":8,"column":13},"end":{"line":18,"column":1}},"2":{"start":{"line":9,"column":2},"end":{"line":17,"column":3}},"3":{"start":{"line":11,"column":4},"end":{"line":14,"column":6}},"4":{"start":{"line":16,"column":4},"end":{"line":16,"column":17}}},"fnMap":{"0":{"name":"(anonymous_0)","decl":{"start":{"line":8,"column":13},"end":{"line":8,"column":14}},"loc":{"start":{"line":8,"column":59},"end":{"line":18,"column":1}},"line":8}},"branchMap":{"0":{"loc":{"start":{"line":8,"column":14},"end":{"line":8,"column":35}},"type":"default-arg","locations":[{"start":{"line":8,"column":22},"end":{"line":8,"column":35}}],"line":8},"1":{"loc":{"start":{"line":9,"column":2},"end":{"line":17,"column":3}},"type":"switch","locations":[{"start":{"line":10,"column":2},"end":{"line":14,"column":6}},{"start":{"line":15,"column":2},"end":{"line":16,"column":17}}],"line":9}},"s":{"0":1,"1":1,"2":5,"3":0,"4":5},"f":{"0":5},"b":{"0":[5],"1":[0,5]},"_coverageSchema":"1a1c01bbd47fc00a2c39e90264f33305004495a9","hash":"a3c06bfbef54bfe8768950b4ba44aea475b39cd0"}
,"/home/fischer/Desktop/projetos/trybe_wallet/sd-024-b-project-trybewallet/src/redux/reducers/wallet.js": {"path":"/home/fischer/Desktop/projetos/trybe_wallet/sd-024-b-project-trybewallet/src/redux/reducers/wallet.js","statementMap":{"0":{"start":{"line":4,"column":22},"end":{"line":9,"column":1}},"1":{"start":{"line":11,"column":15},"end":{"line":31,"column":1}},"2":{"start":{"line":12,"column":2},"end":{"line":30,"column":3}},"3":{"start":{"line":14,"column":4},"end":{"line":17,"column":6}},"4":{"start":{"line":19,"column":4},"end":{"line":22,"column":6}},"5":{"start":{"line":24,"column":4},"end":{"line":27,"column":6}},"6":{"start":{"line":29,"column":4},"end":{"line":29,"column":17}}},"fnMap":{"0":{"name":"(anonymous_0)","decl":{"start":{"line":11,"column":15},"end":{"line":11,"column":16}},"loc":{"start":{"line":11,"column":61},"end":{"line":31,"column":1}},"line":11}},"branchMap":{"0":{"loc":{"start":{"line":11,"column":16},"end":{"line":11,"column":37}},"type":"default-arg","locations":[{"start":{"line":11,"column":24},"end":{"line":11,"column":37}}],"line":11},"1":{"loc":{"start":{"line":12,"column":2},"end":{"line":30,"column":3}},"type":"switch","locations":[{"start":{"line":13,"column":2},"end":{"line":17,"column":6}},{"start":{"line":18,"column":2},"end":{"line":22,"column":6}},{"start":{"line":23,"column":2},"end":{"line":27,"column":6}},{"start":{"line":28,"column":2},"end":{"line":29,"column":17}}],"line":12}},"s":{"0":1,"1":1,"2":5,"3":0,"4":0,"5":0,"6":5},"f":{"0":5},"b":{"0":[5],"1":[0,0,0,5]},"_coverageSchema":"1a1c01bbd47fc00a2c39e90264f33305004495a9","hash":"b24495a03fa14e94d715b5a1c3a7b2c0a0ec5f1a"}
,"/home/fischer/Desktop/projetos/trybe_wallet/sd-024-b-project-trybewallet/src/services/api.js": {"path":"/home/fischer/Desktop/projetos/trybe_wallet/sd-024-b-project-trybewallet/src/services/api.js","statementMap":{"0":{"start":{"line":2,"column":2},"end":{"line":8,"column":3}},"1":{"start":{"line":3,"column":4},"end":{"line":5,"column":38}},"2":{"start":{"line":4,"column":26},"end":{"line":4,"column":41}},"3":{"start":{"line":5,"column":27},"end":{"line":5,"column":36}},"4":{"start":{"line":7,"column":4},"end":{"line":7,"column":17}}},"fnMap":{"0":{"name":"getCurrency","decl":{"start":{"line":1,"column":30},"end":{"line":1,"column":41}},"loc":{"start":{"line":1,"column":44},"end":{"line":9,"column":1}},"line":1},"1":{"name":"(anonymous_1)","decl":{"start":{"line":4,"column":12},"end":{"line":4,"column":13}},"loc":{"start":{"line":4,"column":26},"end":{"line":4,"column":41}},"line":4},"2":{"name":"(anonymous_2)","decl":{"start":{"line":5,"column":12},"end":{"line":5,"column":13}},"loc":{"start":{"line":5,"column":27},"end":{"line":5,"column":36}},"line":5}},"branchMap":{},"s":{"0":0,"1":0,"2":0,"3":0,"4":0},"f":{"0":0,"1":0,"2":0},"b":{},"_coverageSchema":"1a1c01bbd47fc00a2c39e90264f33305004495a9","hash":"082b9d09ba2b7350b0ad6b4335aa8bfebe4bda9e"}
}
